27784 2026-07-01 18:43:56,043 webull.core.http.initializer.client_initializer INFO _check_token_enable result is True
26360 2026-07-01 18:43:56,047 webull.core.http.initializer.client_initializer INFO _check_token_enable result is True
27784 2026-07-01 18:43:56,091 webull.core.http.initializer.token.token_storage INFO storage_token uses the default configuration, conf.
26360 2026-07-01 18:43:56,047 webull.core.http.initializer.client_initializer INFO _check_token_enable result is True
27784 2026-07-01 18:43:56,091 webull.core.http.initializer.token.token_storage INFO storage_token uses the default configuration, conf.
26360 2026-07-01 18:43:56,094 webull.core.http.initializer.token.token_storage INFO storage_token uses the default configuration, conf.
26360 2026-07-01 18:43:56,094 webull.core.http.initializer.token.token_storage INFO storage_token uses the default configuration, conf.
27784 2026-07-01 18:43:56,095 webull.core.http.initializer.token.token_storage INFO storage_token initialized path:C:\Users\heela\OneDrive\Área de Trabalho\prediction\BOT\conf\token.txt.
27784 2026-07-01 18:43:56,095 webull.core.http.initializer.token.token_storage INFO storage_token initialized path:C:\Users\heela\OneDrive\Área de Trabalho\prediction\BOT\conf\token.txt.
26360 2026-07-01 18:43:56,096 webull.core.http.initializer.token.token_storage INFO storage_token initialized path:C:\Users\heela\OneDrive\Área de Trabalho\prediction\BOT\conf\token.txt.
26360 2026-07-01 18:43:56,096 webull.core.http.initializer.token.token_storage INFO storage_token initialized path:C:\Users\heela\OneDrive\Área de Trabalho\prediction\BOT\conf\token.txt.
27784 2026-07-01 18:43:56,098 webull.core.http.initializer.token.token_storage WARNING storage_token Note: The token file already exists, the latest token configuration will be overwritten and written to the token file after successful 2FA verification. path:C:\Users\heela\OneDrive\Área de Trabalho\prediction\BOT\conf\token.txt.
27784 2026-07-01 18:43:56,098 webull.core.http.initializer.token.token_storage WARNING storage_token Note: The token file already exists, the latest token configuration will be overwritten and written to the token file after successful 2FA verification. path:C:\Users\heela\OneDrive\Área de Trabalho\prediction\BOT\conf\token.txt.
26360 2026-07-01 18:43:56,099 webull.core.http.initializer.token.token_storage WARNING storage_token Note: The token file already exists, the latest token configuration will be overwritten and written to the token file after successful 2FA verification. path:C:\Users\heela\OneDrive\Área de Trabalho\prediction\BOT\conf\token.txt.
26360 2026-07-01 18:43:56,099 webull.core.http.initializer.token.token_storage WARNING storage_token Note: The token file already exists, the latest token configuration will be overwritten and written to the token file after successful 2FA verification. path:C:\Users\heela\OneDrive\Área de Trabalho\prediction\BOT\conf\token.txt.
27784 2026-07-01 18:43:56,099 webull.core.http.initializer.token.token_manager INFO load_token_from_local reading token from file...
27784 2026-07-01 18:43:56,099 webull.core.http.initializer.token.token_manager INFO load_token_from_local reading token from file...
26360 2026-07-01 18:43:56,100 webull.core.http.initializer.token.token_manager INFO load_token_from_local reading token from file...
26360 2026-07-01 18:43:56,100 webull.core.http.initializer.token.token_manager INFO load_token_from_local reading token from file...
27784 2026-07-01 18:43:56,109 webull.core.http.initializer.token.token_manager INFO load_token_from_local read local token result. token:34bd00******d27ca4 expires:1784163631570 status:NORMAL
27784 2026-07-01 18:43:56,109 webull.core.http.initializer.token.token_manager INFO load_token_from_local read local token result. token:34bd00******d27ca4 expires:1784163631570 status:NORMAL
26360 2026-07-01 18:43:56,109 webull.core.http.initializer.token.token_manager INFO load_token_from_local read local token result. token:34bd00******d27ca4 expires:1784163631570 status:NORMAL
26360 2026-07-01 18:43:56,109 webull.core.http.initializer.token.token_manager INFO load_token_from_local read local token result. token:34bd00******d27ca4 expires:1784163631570 status:NORMAL
26360 2026-07-01 18:43:56,672 webull.core.http.initializer.token.token_manager INFO fetch_token_from_server create_token result. token:34bd00******d27ca4 expires:1784163631570 status:NORMAL
26360 2026-07-01 18:43:56,672 webull.core.http.initializer.token.token_manager INFO fetch_token_from_server create_token result. token:34bd00******d27ca4 expires:1784163631570 status:NORMAL
26360 2026-07-01 18:43:56,674 webull.core.http.initializer.token.token_manager INFO fetch_token_from_server create_token status is verified, no further check required, returning directly. token:34bd00******d27ca4 expires:1784163631570 status:NORMAL
26360 2026-07-01 18:43:56,674 webull.core.http.initializer.token.token_manager INFO fetch_token_from_server create_token status is verified, no further check required, returning directly. token:34bd00******d27ca4 expires:1784163631570 status:NORMAL
27784 2026-07-01 18:43:56,675 webull.core.http.initializer.token.token_manager INFO fetch_token_from_server create_token result. token:34bd00******d27ca4 expires:1784163631570 status:NORMAL
27784 2026-07-01 18:43:56,675 webull.core.http.initializer.token.token_manager INFO fetch_token_from_server create_token result. token:34bd00******d27ca4 expires:1784163631570 status:NORMAL
26360 2026-07-01 18:43:56,676 webull.core.http.initializer.token.token_manager INFO save_token_to_local writing token to local file. token:34bd00******d27ca4 expires:1784163631570 status:NORMAL
26360 2026-07-01 18:43:56,676 webull.core.http.initializer.token.token_manager INFO save_token_to_local writing token to local file. token:34bd00******d27ca4 expires:1784163631570 status:NORMAL
27784 2026-07-01 18:43:56,677 webull.core.http.initializer.token.token_manager INFO fetch_token_from_server create_token status is verified, no further check required, returning directly. token:34bd00******d27ca4 expires:1784163631570 status:NORMAL
27784 2026-07-01 18:43:56,677 webull.core.http.initializer.token.token_manager INFO fetch_token_from_server create_token status is verified, no further check required, returning directly. token:34bd00******d27ca4 expires:1784163631570 status:NORMAL
27784 2026-07-01 18:43:56,678 webull.core.http.initializer.token.token_manager INFO save_token_to_local writing token to local file. token:34bd00******d27ca4 expires:1784163631570 status:NORMAL
27784 2026-07-01 18:43:56,678 webull.core.http.initializer.token.token_manager INFO save_token_to_local writing token to local file. token:34bd00******d27ca4 expires:1784163631570 status:NORMAL
26360 2026-07-01 18:43:56,679 webull.core.http.initializer.token.token_manager INFO save_token_to_local writing token to file completed.
26360 2026-07-01 18:43:56,679 webull.core.http.initializer.token.token_manager INFO save_token_to_local writing token to file completed.
26360 2026-07-01 18:43:56,680 webull.core.http.initializer.token.token_manager INFO init_token finished. token:34bd00******d27ca4 expires:1784163631570 status:NORMAL
26360 2026-07-01 18:43:56,680 webull.core.http.initializer.token.token_manager INFO init_token finished. token:34bd00******d27ca4 expires:1784163631570 status:NORMAL
27784 2026-07-01 18:43:56,680 webull.core.http.initializer.token.token_manager INFO save_token_to_local writing token to file completed.
27784 2026-07-01 18:43:56,680 webull.core.http.initializer.token.token_manager INFO save_token_to_local writing token to file completed.
27784 2026-07-01 18:43:56,683 webull.core.http.initializer.token.token_manager INFO init_token finished. token:34bd00******d27ca4 expires:1784163631570 status:NORMAL
27784 2026-07-01 18:43:56,683 webull.core.http.initializer.token.token_manager INFO init_token finished. token:34bd00******d27ca4 expires:1784163631570 status:NORMAL
3432 2026-07-01 18:44:02,457 webull.core.client ERROR ServerException occurred. Host:api.webull.com SDK-Version:2.0.12 Request:{
  "_version": "v2",
  "_action_name": "/openapi/market-data/futures/bars",
  "_protocol_type": "https",
  "_accept_format": "JSON",
  "_params": {
    "symbols": "NQmain",
    "category": "US_FUTURES",
    "timespan": "M5",
    "count": 800
  },
  "_method": "GET",
  "_header": {
    "x-version": "v2",
    "Accept-Encoding": "gzip",
    "x-app-key": "0661865629f7d2e7f06a6ab332b12de3",
    "x-timestamp": "2026-07-01T22:44:01Z",
    "x-signature-version": "1.0",
    "x-signature-algorithm": "HMAC-SHA1",
    "x-signature-nonce": "147886c6-0c33-59e7-b0dc-a732f0674610",
    "x-signature": "n9JW2dI41ZKxpMLnLhoxk9pFL4U=",
    "User-Agent": "WebullApiSDK (Windows 11;AMD64) Python/3.13.14 Core/2.0.12 python-requests/2.34.2",
    "x-access-token": "34bd0085401549358574c7e9e9d27ca4",
    "x-webull-client-source": "sdk"
  },
  "_body_params": null,
  "_uri_pattern": null,
  "_uri_params": null,
  "_content": null,
  "_extra_user_agent": {},
  "string_to_sign": "",
  "_request_connect_timeout": null,
  "_request_read_timeout": null,
  "endpoint": "api.webull.com",
  "_signer_spec": "<module 'webull.core.auth.algorithm.sha_hmac1' from 'C:\\\\Users\\\\heela\\\\OneDrive\\\\\u00c1rea de Trabalho\\\\prediction\\\\.venv\\\\Lib\\\\site-packages\\\\webull\\\\core\\\\auth\\\\algorithm\\\\sha_hmac1.py'>"
} Response:{'error_code': 'Unauthorized', 'message': 'Insufficient permission, please subscribe to US_FUTURES quotes.', 'status': 401} ServerException:HTTP Status: 401, Code: Unauthorized, Msg: Insufficient permission, please subscribe to US_FUTURES quotes., RequestID: 0167a88f-18d6-47f3-95fb-aa317a6e61c1
3432 2026-07-01 18:44:02,457 webull.core.client ERROR ServerException occurred. Host:api.webull.com SDK-Version:2.0.12 Request:{
  "_version": "v2",
  "_action_name": "/openapi/market-data/futures/bars",
  "_protocol_type": "https",
  "_accept_format": "JSON",
  "_params": {
    "symbols": "NQmain",
    "category": "US_FUTURES",
    "timespan": "M5",
    "count": 800
  },
  "_method": "GET",
  "_header": {
    "x-version": "v2",
    "Accept-Encoding": "gzip",
    "x-app-key": "0661865629f7d2e7f06a6ab332b12de3",
    "x-timestamp": "2026-07-01T22:44:01Z",
    "x-signature-version": "1.0",
    "x-signature-algorithm": "HMAC-SHA1",
    "x-signature-nonce": "147886c6-0c33-59e7-b0dc-a732f0674610",
    "x-signature": "n9JW2dI41ZKxpMLnLhoxk9pFL4U=",
    "User-Agent": "WebullApiSDK (Windows 11;AMD64) Python/3.13.14 Core/2.0.12 python-requests/2.34.2",
    "x-access-token": "34bd0085401549358574c7e9e9d27ca4",
    "x-webull-client-source": "sdk"
  },
  "_body_params": null,
  "_uri_pattern": null,
  "_uri_params": null,
  "_content": null,
  "_extra_user_agent": {},
  "string_to_sign": "",
  "_request_connect_timeout": null,
  "_request_read_timeout": null,
  "endpoint": "api.webull.com",
  "_signer_spec": "<module 'webull.core.auth.algorithm.sha_hmac1' from 'C:\\\\Users\\\\heela\\\\OneDrive\\\\\u00c1rea de Trabalho\\\\prediction\\\\.venv\\\\Lib\\\\site-packages\\\\webull\\\\core\\\\auth\\\\algorithm\\\\sha_hmac1.py'>"
} Response:{'error_code': 'Unauthorized', 'message': 'Insufficient permission, please subscribe to US_FUTURES quotes.', 'status': 401} ServerException:HTTP Status: 401, Code: Unauthorized, Msg: Insufficient permission, please subscribe to US_FUTURES quotes., RequestID: 0167a88f-18d6-47f3-95fb-aa317a6e61c1
3432 2026-07-01 18:44:02,459 webull.core.client ERROR get_response exception. {
  "error_code": "Unauthorized",
  "error_msg": "Insufficient permission, please subscribe to US_FUTURES quotes.",
  "http_status": 401,
  "request_id": "0167a88f-18d6-47f3-95fb-aa317a6e61c1"
}
3432 2026-07-01 18:44:02,459 webull.core.client ERROR get_response exception. {
  "error_code": "Unauthorized",
  "error_msg": "Insufficient permission, please subscribe to US_FUTURES quotes.",
  "http_status": 401,
  "request_id": "0167a88f-18d6-47f3-95fb-aa317a6e61c1"
}
29788 2026-07-01 18:57:12,771 webull.core.http.initializer.client_initializer INFO _check_token_enable result is True
29788 2026-07-01 18:57:12,771 webull.core.http.initializer.client_initializer INFO _check_token_enable result is True
16852 2026-07-01 18:57:12,773 webull.core.http.initializer.client_initializer INFO _check_token_enable result is True
16852 2026-07-01 18:57:12,773 webull.core.http.initializer.client_initializer INFO _check_token_enable result is True
29788 2026-07-01 18:57:12,775 webull.core.http.initializer.token.token_storage INFO storage_token uses the default configuration, conf.
29788 2026-07-01 18:57:12,775 webull.core.http.initializer.token.token_storage INFO storage_token uses the default configuration, conf.
16852 2026-07-01 18:57:12,777 webull.core.http.initializer.token.token_storage INFO storage_token uses the default configuration, conf.
16852 2026-07-01 18:57:12,777 webull.core.http.initializer.token.token_storage INFO storage_token uses the default configuration, conf.
29788 2026-07-01 18:57:12,779 webull.core.http.initializer.token.token_storage INFO storage_token initialized path:C:\Users\heela\OneDrive\Área de Trabalho\prediction\BOT\conf\token.txt.
29788 2026-07-01 18:57:12,779 webull.core.http.initializer.token.token_storage INFO storage_token initialized path:C:\Users\heela\OneDrive\Área de Trabalho\prediction\BOT\conf\token.txt.
16852 2026-07-01 18:57:12,780 webull.core.http.initializer.token.token_storage INFO storage_token initialized path:C:\Users\heela\OneDrive\Área de Trabalho\prediction\BOT\conf\token.txt.
16852 2026-07-01 18:57:12,780 webull.core.http.initializer.token.token_storage INFO storage_token initialized path:C:\Users\heela\OneDrive\Área de Trabalho\prediction\BOT\conf\token.txt.
29788 2026-07-01 18:57:12,780 webull.core.http.initializer.token.token_storage WARNING storage_token Note: The token file already exists, the latest token configuration will be overwritten and written to the token file after successful 2FA verification. path:C:\Users\heela\OneDrive\Área de Trabalho\prediction\BOT\conf\token.txt.
29788 2026-07-01 18:57:12,780 webull.core.http.initializer.token.token_storage WARNING storage_token Note: The token file already exists, the latest token configuration will be overwritten and written to the token file after successful 2FA verification. path:C:\Users\heela\OneDrive\Área de Trabalho\prediction\BOT\conf\token.txt.
16852 2026-07-01 18:57:12,781 webull.core.http.initializer.token.token_storage WARNING storage_token Note: The token file already exists, the latest token configuration will be overwritten and written to the token file after successful 2FA verification. path:C:\Users\heela\OneDrive\Área de Trabalho\prediction\BOT\conf\token.txt.
16852 2026-07-01 18:57:12,781 webull.core.http.initializer.token.token_storage WARNING storage_token Note: The token file already exists, the latest token configuration will be overwritten and written to the token file after successful 2FA verification. path:C:\Users\heela\OneDrive\Área de Trabalho\prediction\BOT\conf\token.txt.
29788 2026-07-01 18:57:12,781 webull.core.http.initializer.token.token_manager INFO load_token_from_local reading token from file...
29788 2026-07-01 18:57:12,781 webull.core.http.initializer.token.token_manager INFO load_token_from_local reading token from file...
16852 2026-07-01 18:57:12,782 webull.core.http.initializer.token.token_manager INFO load_token_from_local reading token from file...
16852 2026-07-01 18:57:12,782 webull.core.http.initializer.token.token_manager INFO load_token_from_local reading token from file...
29788 2026-07-01 18:57:12,784 webull.core.http.initializer.token.token_manager INFO load_token_from_local read local token result. token:34bd00******d27ca4 expires:1784163631570 status:NORMAL
29788 2026-07-01 18:57:12,784 webull.core.http.initializer.token.token_manager INFO load_token_from_local read local token result. token:34bd00******d27ca4 expires:1784163631570 status:NORMAL
16852 2026-07-01 18:57:12,785 webull.core.http.initializer.token.token_manager INFO load_token_from_local read local token result. token:34bd00******d27ca4 expires:1784163631570 status:NORMAL
16852 2026-07-01 18:57:12,785 webull.core.http.initializer.token.token_manager INFO load_token_from_local read local token result. token:34bd00******d27ca4 expires:1784163631570 status:NORMAL
29788 2026-07-01 18:57:13,228 webull.core.http.initializer.token.token_manager INFO fetch_token_from_server create_token result. token:34bd00******d27ca4 expires:1784163631570 status:NORMAL
29788 2026-07-01 18:57:13,228 webull.core.http.initializer.token.token_manager INFO fetch_token_from_server create_token result. token:34bd00******d27ca4 expires:1784163631570 status:NORMAL
29788 2026-07-01 18:57:13,229 webull.core.http.initializer.token.token_manager INFO fetch_token_from_server create_token status is verified, no further check required, returning directly. token:34bd00******d27ca4 expires:1784163631570 status:NORMAL
29788 2026-07-01 18:57:13,229 webull.core.http.initializer.token.token_manager INFO fetch_token_from_server create_token status is verified, no further check required, returning directly. token:34bd00******d27ca4 expires:1784163631570 status:NORMAL
16852 2026-07-01 18:57:13,231 webull.core.http.initializer.token.token_manager INFO fetch_token_from_server create_token result. token:34bd00******d27ca4 expires:1784163631570 status:NORMAL
16852 2026-07-01 18:57:13,231 webull.core.http.initializer.token.token_manager INFO fetch_token_from_server create_token result. token:34bd00******d27ca4 expires:1784163631570 status:NORMAL
29788 2026-07-01 18:57:13,232 webull.core.http.initializer.token.token_manager INFO save_token_to_local writing token to local file. token:34bd00******d27ca4 expires:1784163631570 status:NORMAL
29788 2026-07-01 18:57:13,232 webull.core.http.initializer.token.token_manager INFO save_token_to_local writing token to local file. token:34bd00******d27ca4 expires:1784163631570 status:NORMAL
16852 2026-07-01 18:57:13,234 webull.core.http.initializer.token.token_manager INFO fetch_token_from_server create_token status is verified, no further check required, returning directly. token:34bd00******d27ca4 expires:1784163631570 status:NORMAL
16852 2026-07-01 18:57:13,234 webull.core.http.initializer.token.token_manager INFO fetch_token_from_server create_token status is verified, no further check required, returning directly. token:34bd00******d27ca4 expires:1784163631570 status:NORMAL
16852 2026-07-01 18:57:13,236 webull.core.http.initializer.token.token_manager INFO save_token_to_local writing token to local file. token:34bd00******d27ca4 expires:1784163631570 status:NORMAL
16852 2026-07-01 18:57:13,236 webull.core.http.initializer.token.token_manager INFO save_token_to_local writing token to local file. token:34bd00******d27ca4 expires:1784163631570 status:NORMAL
29788 2026-07-01 18:57:13,237 webull.core.http.initializer.token.token_manager INFO save_token_to_local writing token to file completed.
29788 2026-07-01 18:57:13,237 webull.core.http.initializer.token.token_manager INFO save_token_to_local writing token to file completed.
29788 2026-07-01 18:57:13,239 webull.core.http.initializer.token.token_manager INFO init_token finished. token:34bd00******d27ca4 expires:1784163631570 status:NORMAL
29788 2026-07-01 18:57:13,239 webull.core.http.initializer.token.token_manager INFO init_token finished. token:34bd00******d27ca4 expires:1784163631570 status:NORMAL
16852 2026-07-01 18:57:13,240 webull.core.http.initializer.token.token_manager INFO save_token_to_local writing token to file completed.
16852 2026-07-01 18:57:13,240 webull.core.http.initializer.token.token_manager INFO save_token_to_local writing token to file completed.
16852 2026-07-01 18:57:13,245 webull.core.http.initializer.token.token_manager INFO init_token finished. token:34bd00******d27ca4 expires:1784163631570 status:NORMAL
16852 2026-07-01 18:57:13,245 webull.core.http.initializer.token.token_manager INFO init_token finished. token:34bd00******d27ca4 expires:1784163631570 status:NORMAL
29788 2026-07-01 18:57:16,020 webull.core.client ERROR ServerException occurred. Host:api.webull.com SDK-Version:2.0.12 Request:{
  "_version": "v2",
  "_action_name": "/openapi/market-data/futures/bars",
  "_protocol_type": "https",
  "_accept_format": "JSON",
  "_params": {
    "symbols": "NQmain",
    "category": "US_FUTURES",
    "timespan": "M5",
    "count": 800
  },
  "_method": "GET",
  "_header": {
    "x-version": "v2",
    "Accept-Encoding": "gzip",
    "x-app-key": "0661865629f7d2e7f06a6ab332b12de3",
    "x-timestamp": "2026-07-01T22:57:15Z",
    "x-signature-version": "1.0",
    "x-signature-algorithm": "HMAC-SHA1",
    "x-signature-nonce": "a9d03378-392e-59a2-b343-f97d4231e595",
    "x-signature": "ERg4ZFpz3LDQYfnvFbSxLNY9LGE=",
    "User-Agent": "WebullApiSDK (Windows 11;AMD64) Python/3.13.14 Core/2.0.12 python-requests/2.34.2",
    "x-access-token": "34bd0085401549358574c7e9e9d27ca4",
    "x-webull-client-source": "sdk"
  },
  "_body_params": null,
  "_uri_pattern": null,
  "_uri_params": null,
  "_content": null,
  "_extra_user_agent": {},
  "string_to_sign": "",
  "_request_connect_timeout": null,
  "_request_read_timeout": null,
  "endpoint": "api.webull.com",
  "_signer_spec": "<module 'webull.core.auth.algorithm.sha_hmac1' from 'C:\\\\Users\\\\heela\\\\OneDrive\\\\\u00c1rea de Trabalho\\\\prediction\\\\.venv\\\\Lib\\\\site-packages\\\\webull\\\\core\\\\auth\\\\algorithm\\\\sha_hmac1.py'>"
} Response:{'error_code': 'Unauthorized', 'message': 'Insufficient permission, please subscribe to US_FUTURES quotes.', 'status': 401} ServerException:HTTP Status: 401, Code: Unauthorized, Msg: Insufficient permission, please subscribe to US_FUTURES quotes., RequestID: 0df718aa-b4dd-4f14-827e-fb1e597102ce
29788 2026-07-01 18:57:16,020 webull.core.client ERROR ServerException occurred. Host:api.webull.com SDK-Version:2.0.12 Request:{
  "_version": "v2",
  "_action_name": "/openapi/market-data/futures/bars",
  "_protocol_type": "https",
  "_accept_format": "JSON",
  "_params": {
    "symbols": "NQmain",
    "category": "US_FUTURES",
    "timespan": "M5",
    "count": 800
  },
  "_method": "GET",
  "_header": {
    "x-version": "v2",
    "Accept-Encoding": "gzip",
    "x-app-key": "0661865629f7d2e7f06a6ab332b12de3",
    "x-timestamp": "2026-07-01T22:57:15Z",
    "x-signature-version": "1.0",
    "x-signature-algorithm": "HMAC-SHA1",
    "x-signature-nonce": "a9d03378-392e-59a2-b343-f97d4231e595",
    "x-signature": "ERg4ZFpz3LDQYfnvFbSxLNY9LGE=",
    "User-Agent": "WebullApiSDK (Windows 11;AMD64) Python/3.13.14 Core/2.0.12 python-requests/2.34.2",
    "x-access-token": "34bd0085401549358574c7e9e9d27ca4",
    "x-webull-client-source": "sdk"
  },
  "_body_params": null,
  "_uri_pattern": null,
  "_uri_params": null,
  "_content": null,
  "_extra_user_agent": {},
  "string_to_sign": "",
  "_request_connect_timeout": null,
  "_request_read_timeout": null,
  "endpoint": "api.webull.com",
  "_signer_spec": "<module 'webull.core.auth.algorithm.sha_hmac1' from 'C:\\\\Users\\\\heela\\\\OneDrive\\\\\u00c1rea de Trabalho\\\\prediction\\\\.venv\\\\Lib\\\\site-packages\\\\webull\\\\core\\\\auth\\\\algorithm\\\\sha_hmac1.py'>"
} Response:{'error_code': 'Unauthorized', 'message': 'Insufficient permission, please subscribe to US_FUTURES quotes.', 'status': 401} ServerException:HTTP Status: 401, Code: Unauthorized, Msg: Insufficient permission, please subscribe to US_FUTURES quotes., RequestID: 0df718aa-b4dd-4f14-827e-fb1e597102ce
29788 2026-07-01 18:57:16,021 webull.core.client ERROR get_response exception. {
  "error_code": "Unauthorized",
  "error_msg": "Insufficient permission, please subscribe to US_FUTURES quotes.",
  "http_status": 401,
  "request_id": "0df718aa-b4dd-4f14-827e-fb1e597102ce"
}
29788 2026-07-01 18:57:16,021 webull.core.client ERROR get_response exception. {
  "error_code": "Unauthorized",
  "error_msg": "Insufficient permission, please subscribe to US_FUTURES quotes.",
  "http_status": 401,
  "request_id": "0df718aa-b4dd-4f14-827e-fb1e597102ce"
}
15280 2026-07-01 19:17:12,700 webull.core.http.initializer.client_initializer INFO _check_token_enable result is True
15280 2026-07-01 19:17:12,700 webull.core.http.initializer.client_initializer INFO _check_token_enable result is True
15280 2026-07-01 19:17:12,702 webull.core.http.initializer.token.token_storage INFO storage_token uses the default configuration, conf.
15280 2026-07-01 19:17:12,702 webull.core.http.initializer.token.token_storage INFO storage_token uses the default configuration, conf.
15280 2026-07-01 19:17:12,703 webull.core.http.initializer.token.token_storage INFO storage_token initialized path:C:\Users\heela\OneDrive\Área de Trabalho\prediction\BOT\conf\token.txt.
15280 2026-07-01 19:17:12,703 webull.core.http.initializer.token.token_storage INFO storage_token initialized path:C:\Users\heela\OneDrive\Área de Trabalho\prediction\BOT\conf\token.txt.
15280 2026-07-01 19:17:12,704 webull.core.http.initializer.token.token_storage WARNING storage_token Note: The token file already exists, the latest token configuration will be overwritten and written to the token file after successful 2FA verification. path:C:\Users\heela\OneDrive\Área de Trabalho\prediction\BOT\conf\token.txt.
15280 2026-07-01 19:17:12,704 webull.core.http.initializer.token.token_storage WARNING storage_token Note: The token file already exists, the latest token configuration will be overwritten and written to the token file after successful 2FA verification. path:C:\Users\heela\OneDrive\Área de Trabalho\prediction\BOT\conf\token.txt.
15280 2026-07-01 19:17:12,704 webull.core.http.initializer.token.token_manager INFO load_token_from_local reading token from file...
15280 2026-07-01 19:17:12,704 webull.core.http.initializer.token.token_manager INFO load_token_from_local reading token from file...
1084 2026-07-01 19:17:12,705 webull.core.http.initializer.client_initializer INFO _check_token_enable result is True
1084 2026-07-01 19:17:12,705 webull.core.http.initializer.client_initializer INFO _check_token_enable result is True
1084 2026-07-01 19:17:12,707 webull.core.http.initializer.token.token_storage INFO storage_token uses the default configuration, conf.
1084 2026-07-01 19:17:12,707 webull.core.http.initializer.token.token_storage INFO storage_token uses the default configuration, conf.
15280 2026-07-01 19:17:12,707 webull.core.http.initializer.token.token_manager INFO load_token_from_local read local token result. token:34bd00******d27ca4 expires:1784163631570 status:NORMAL
15280 2026-07-01 19:17:12,707 webull.core.http.initializer.token.token_manager INFO load_token_from_local read local token result. token:34bd00******d27ca4 expires:1784163631570 status:NORMAL
1084 2026-07-01 19:17:12,708 webull.core.http.initializer.token.token_storage INFO storage_token initialized path:C:\Users\heela\OneDrive\Área de Trabalho\prediction\BOT\conf\token.txt.
1084 2026-07-01 19:17:12,708 webull.core.http.initializer.token.token_storage INFO storage_token initialized path:C:\Users\heela\OneDrive\Área de Trabalho\prediction\BOT\conf\token.txt.
1084 2026-07-01 19:17:12,710 webull.core.http.initializer.token.token_storage WARNING storage_token Note: The token file already exists, the latest token configuration will be overwritten and written to the token file after successful 2FA verification. path:C:\Users\heela\OneDrive\Área de Trabalho\prediction\BOT\conf\token.txt.
1084 2026-07-01 19:17:12,710 webull.core.http.initializer.token.token_storage WARNING storage_token Note: The token file already exists, the latest token configuration will be overwritten and written to the token file after successful 2FA verification. path:C:\Users\heela\OneDrive\Área de Trabalho\prediction\BOT\conf\token.txt.
1084 2026-07-01 19:17:12,710 webull.core.http.initializer.token.token_manager INFO load_token_from_local reading token from file...
1084 2026-07-01 19:17:12,710 webull.core.http.initializer.token.token_manager INFO load_token_from_local reading token from file...
1084 2026-07-01 19:17:12,711 webull.core.http.initializer.token.token_manager INFO load_token_from_local read local token result. token:34bd00******d27ca4 expires:1784163631570 status:NORMAL
1084 2026-07-01 19:17:12,711 webull.core.http.initializer.token.token_manager INFO load_token_from_local read local token result. token:34bd00******d27ca4 expires:1784163631570 status:NORMAL
1084 2026-07-01 19:17:13,206 webull.core.http.initializer.token.token_manager INFO fetch_token_from_server create_token result. token:34bd00******d27ca4 expires:1784163631570 status:NORMAL
1084 2026-07-01 19:17:13,206 webull.core.http.initializer.token.token_manager INFO fetch_token_from_server create_token result. token:34bd00******d27ca4 expires:1784163631570 status:NORMAL
1084 2026-07-01 19:17:13,211 webull.core.http.initializer.token.token_manager INFO fetch_token_from_server create_token status is verified, no further check required, returning directly. token:34bd00******d27ca4 expires:1784163631570 status:NORMAL
1084 2026-07-01 19:17:13,211 webull.core.http.initializer.token.token_manager INFO fetch_token_from_server create_token status is verified, no further check required, returning directly. token:34bd00******d27ca4 expires:1784163631570 status:NORMAL
15280 2026-07-01 19:17:13,212 webull.core.http.initializer.token.token_manager INFO fetch_token_from_server create_token result. token:34bd00******d27ca4 expires:1784163631570 status:NORMAL
15280 2026-07-01 19:17:13,212 webull.core.http.initializer.token.token_manager INFO fetch_token_from_server create_token result. token:34bd00******d27ca4 expires:1784163631570 status:NORMAL
1084 2026-07-01 19:17:13,212 webull.core.http.initializer.token.token_manager INFO save_token_to_local writing token to local file. token:34bd00******d27ca4 expires:1784163631570 status:NORMAL
1084 2026-07-01 19:17:13,212 webull.core.http.initializer.token.token_manager INFO save_token_to_local writing token to local file. token:34bd00******d27ca4 expires:1784163631570 status:NORMAL
15280 2026-07-01 19:17:13,214 webull.core.http.initializer.token.token_manager INFO fetch_token_from_server create_token status is verified, no further check required, returning directly. token:34bd00******d27ca4 expires:1784163631570 status:NORMAL
15280 2026-07-01 19:17:13,214 webull.core.http.initializer.token.token_manager INFO fetch_token_from_server create_token status is verified, no further check required, returning directly. token:34bd00******d27ca4 expires:1784163631570 status:NORMAL
15280 2026-07-01 19:17:13,215 webull.core.http.initializer.token.token_manager INFO save_token_to_local writing token to local file. token:34bd00******d27ca4 expires:1784163631570 status:NORMAL
15280 2026-07-01 19:17:13,215 webull.core.http.initializer.token.token_manager INFO save_token_to_local writing token to local file. token:34bd00******d27ca4 expires:1784163631570 status:NORMAL
1084 2026-07-01 19:17:13,216 webull.core.http.initializer.token.token_manager INFO save_token_to_local writing token to file completed.
1084 2026-07-01 19:17:13,216 webull.core.http.initializer.token.token_manager INFO save_token_to_local writing token to file completed.
1084 2026-07-01 19:17:13,216 webull.core.http.initializer.token.token_manager INFO init_token finished. token:34bd00******d27ca4 expires:1784163631570 status:NORMAL
1084 2026-07-01 19:17:13,216 webull.core.http.initializer.token.token_manager INFO init_token finished. token:34bd00******d27ca4 expires:1784163631570 status:NORMAL
15280 2026-07-01 19:17:13,216 webull.core.http.initializer.token.token_manager INFO save_token_to_local writing token to file completed.
15280 2026-07-01 19:17:13,216 webull.core.http.initializer.token.token_manager INFO save_token_to_local writing token to file completed.
15280 2026-07-01 19:17:13,218 webull.core.http.initializer.token.token_manager INFO init_token finished. token:34bd00******d27ca4 expires:1784163631570 status:NORMAL
15280 2026-07-01 19:17:13,218 webull.core.http.initializer.token.token_manager INFO init_token finished. token:34bd00******d27ca4 expires:1784163631570 status:NORMAL
1084 2026-07-01 19:17:15,993 webull.core.client ERROR ServerException occurred. Host:api.webull.com SDK-Version:2.0.12 Request:{
  "_version": "v2",
  "_action_name": "/openapi/market-data/futures/bars",
  "_protocol_type": "https",
  "_accept_format": "JSON",
  "_params": {
    "symbols": "NQmain",
    "category": "US_FUTURES",
    "timespan": "M5",
    "count": 800
  },
  "_method": "GET",
  "_header": {
    "x-version": "v2",
    "Accept-Encoding": "gzip",
    "x-app-key": "0661865629f7d2e7f06a6ab332b12de3",
    "x-timestamp": "2026-07-01T23:17:15Z",
    "x-signature-version": "1.0",
    "x-signature-algorithm": "HMAC-SHA1",
    "x-signature-nonce": "327e5d88-69f6-51c9-9ad6-ecbc1e6fe405",
    "x-signature": "x72uPd7kPMNH/D0IwRz48gJSY6k=",
    "User-Agent": "WebullApiSDK (Windows 11;AMD64) Python/3.13.14 Core/2.0.12 python-requests/2.34.2",
    "x-access-token": "34bd0085401549358574c7e9e9d27ca4",
    "x-webull-client-source": "sdk"
  },
  "_body_params": null,
  "_uri_pattern": null,
  "_uri_params": null,
  "_content": null,
  "_extra_user_agent": {},
  "string_to_sign": "",
  "_request_connect_timeout": null,
  "_request_read_timeout": null,
  "endpoint": "api.webull.com",
  "_signer_spec": "<module 'webull.core.auth.algorithm.sha_hmac1' from 'C:\\\\Users\\\\heela\\\\OneDrive\\\\\u00c1rea de Trabalho\\\\prediction\\\\.venv\\\\Lib\\\\site-packages\\\\webull\\\\core\\\\auth\\\\algorithm\\\\sha_hmac1.py'>"
} Response:{'error_code': 'Unauthorized', 'message': 'Insufficient permission, please subscribe to US_FUTURES quotes.', 'status': 401} ServerException:HTTP Status: 401, Code: Unauthorized, Msg: Insufficient permission, please subscribe to US_FUTURES quotes., RequestID: 7eea8ea0-7d2b-43d9-8c2c-7b8e6a7d5b76
1084 2026-07-01 19:17:15,993 webull.core.client ERROR ServerException occurred. Host:api.webull.com SDK-Version:2.0.12 Request:{
  "_version": "v2",
  "_action_name": "/openapi/market-data/futures/bars",
  "_protocol_type": "https",
  "_accept_format": "JSON",
  "_params": {
    "symbols": "NQmain",
    "category": "US_FUTURES",
    "timespan": "M5",
    "count": 800
  },
  "_method": "GET",
  "_header": {
    "x-version": "v2",
    "Accept-Encoding": "gzip",
    "x-app-key": "0661865629f7d2e7f06a6ab332b12de3",
    "x-timestamp": "2026-07-01T23:17:15Z",
    "x-signature-version": "1.0",
    "x-signature-algorithm": "HMAC-SHA1",
    "x-signature-nonce": "327e5d88-69f6-51c9-9ad6-ecbc1e6fe405",
    "x-signature": "x72uPd7kPMNH/D0IwRz48gJSY6k=",
    "User-Agent": "WebullApiSDK (Windows 11;AMD64) Python/3.13.14 Core/2.0.12 python-requests/2.34.2",
    "x-access-token": "34bd0085401549358574c7e9e9d27ca4",
    "x-webull-client-source": "sdk"
  },
  "_body_params": null,
  "_uri_pattern": null,
  "_uri_params": null,
  "_content": null,
  "_extra_user_agent": {},
  "string_to_sign": "",
  "_request_connect_timeout": null,
  "_request_read_timeout": null,
  "endpoint": "api.webull.com",
  "_signer_spec": "<module 'webull.core.auth.algorithm.sha_hmac1' from 'C:\\\\Users\\\\heela\\\\OneDrive\\\\\u00c1rea de Trabalho\\\\prediction\\\\.venv\\\\Lib\\\\site-packages\\\\webull\\\\core\\\\auth\\\\algorithm\\\\sha_hmac1.py'>"
} Response:{'error_code': 'Unauthorized', 'message': 'Insufficient permission, please subscribe to US_FUTURES quotes.', 'status': 401} ServerException:HTTP Status: 401, Code: Unauthorized, Msg: Insufficient permission, please subscribe to US_FUTURES quotes., RequestID: 7eea8ea0-7d2b-43d9-8c2c-7b8e6a7d5b76
1084 2026-07-01 19:17:15,997 webull.core.client ERROR get_response exception. {
  "error_code": "Unauthorized",
  "error_msg": "Insufficient permission, please subscribe to US_FUTURES quotes.",
  "http_status": 401,
  "request_id": "7eea8ea0-7d2b-43d9-8c2c-7b8e6a7d5b76"
}
1084 2026-07-01 19:17:15,997 webull.core.client ERROR get_response exception. {
  "error_code": "Unauthorized",
  "error_msg": "Insufficient permission, please subscribe to US_FUTURES quotes.",
  "http_status": 401,
  "request_id": "7eea8ea0-7d2b-43d9-8c2c-7b8e6a7d5b76"
}
28112 2026-07-01 19:35:28,717 webull.core.http.initializer.client_initializer INFO _check_token_enable result is True
19292 2026-07-01 19:35:28,720 webull.core.http.initializer.client_initializer INFO _check_token_enable result is True
28112 2026-07-01 19:35:28,717 webull.core.http.initializer.client_initializer INFO _check_token_enable result is True
19292 2026-07-01 19:35:28,720 webull.core.http.initializer.client_initializer INFO _check_token_enable result is True
28112 2026-07-01 19:35:28,722 webull.core.http.initializer.token.token_storage INFO storage_token uses the default configuration, conf.
19292 2026-07-01 19:35:28,723 webull.core.http.initializer.token.token_storage INFO storage_token uses the default configuration, conf.
28112 2026-07-01 19:35:28,722 webull.core.http.initializer.token.token_storage INFO storage_token uses the default configuration, conf.
19292 2026-07-01 19:35:28,723 webull.core.http.initializer.token.token_storage INFO storage_token uses the default configuration, conf.
28112 2026-07-01 19:35:28,724 webull.core.http.initializer.token.token_storage INFO storage_token initialized path:C:\Users\heela\OneDrive\Área de Trabalho\prediction\BOT\conf\token.txt.
19292 2026-07-01 19:35:28,725 webull.core.http.initializer.token.token_storage INFO storage_token initialized path:C:\Users\heela\OneDrive\Área de Trabalho\prediction\BOT\conf\token.txt.
28112 2026-07-01 19:35:28,724 webull.core.http.initializer.token.token_storage INFO storage_token initialized path:C:\Users\heela\OneDrive\Área de Trabalho\prediction\BOT\conf\token.txt.
19292 2026-07-01 19:35:28,725 webull.core.http.initializer.token.token_storage INFO storage_token initialized path:C:\Users\heela\OneDrive\Área de Trabalho\prediction\BOT\conf\token.txt.
28112 2026-07-01 19:35:28,726 webull.core.http.initializer.token.token_storage WARNING storage_token Note: The token file already exists, the latest token configuration will be overwritten and written to the token file after successful 2FA verification. path:C:\Users\heela\OneDrive\Área de Trabalho\prediction\BOT\conf\token.txt.
19292 2026-07-01 19:35:28,726 webull.core.http.initializer.token.token_storage WARNING storage_token Note: The token file already exists, the latest token configuration will be overwritten and written to the token file after successful 2FA verification. path:C:\Users\heela\OneDrive\Área de Trabalho\prediction\BOT\conf\token.txt.
28112 2026-07-01 19:35:28,726 webull.core.http.initializer.token.token_storage WARNING storage_token Note: The token file already exists, the latest token configuration will be overwritten and written to the token file after successful 2FA verification. path:C:\Users\heela\OneDrive\Área de Trabalho\prediction\BOT\conf\token.txt.
19292 2026-07-01 19:35:28,726 webull.core.http.initializer.token.token_storage WARNING storage_token Note: The token file already exists, the latest token configuration will be overwritten and written to the token file after successful 2FA verification. path:C:\Users\heela\OneDrive\Área de Trabalho\prediction\BOT\conf\token.txt.
28112 2026-07-01 19:35:28,727 webull.core.http.initializer.token.token_manager INFO load_token_from_local reading token from file...
19292 2026-07-01 19:35:28,727 webull.core.http.initializer.token.token_manager INFO load_token_from_local reading token from file...
28112 2026-07-01 19:35:28,727 webull.core.http.initializer.token.token_manager INFO load_token_from_local reading token from file...
19292 2026-07-01 19:35:28,727 webull.core.http.initializer.token.token_manager INFO load_token_from_local reading token from file...
28112 2026-07-01 19:35:28,730 webull.core.http.initializer.token.token_manager INFO load_token_from_local read local token result. token:34bd00******d27ca4 expires:1784163631570 status:NORMAL
19292 2026-07-01 19:35:28,730 webull.core.http.initializer.token.token_manager INFO load_token_from_local read local token result. token:34bd00******d27ca4 expires:1784163631570 status:NORMAL
28112 2026-07-01 19:35:28,730 webull.core.http.initializer.token.token_manager INFO load_token_from_local read local token result. token:34bd00******d27ca4 expires:1784163631570 status:NORMAL
19292 2026-07-01 19:35:28,730 webull.core.http.initializer.token.token_manager INFO load_token_from_local read local token result. token:34bd00******d27ca4 expires:1784163631570 status:NORMAL
19292 2026-07-01 19:35:29,186 webull.core.http.initializer.token.token_manager INFO fetch_token_from_server create_token result. token:34bd00******d27ca4 expires:1784163631570 status:NORMAL
19292 2026-07-01 19:35:29,186 webull.core.http.initializer.token.token_manager INFO fetch_token_from_server create_token result. token:34bd00******d27ca4 expires:1784163631570 status:NORMAL
19292 2026-07-01 19:35:29,188 webull.core.http.initializer.token.token_manager INFO fetch_token_from_server create_token status is verified, no further check required, returning directly. token:34bd00******d27ca4 expires:1784163631570 status:NORMAL
28112 2026-07-01 19:35:29,189 webull.core.http.initializer.token.token_manager INFO fetch_token_from_server create_token result. token:34bd00******d27ca4 expires:1784163631570 status:NORMAL
19292 2026-07-01 19:35:29,188 webull.core.http.initializer.token.token_manager INFO fetch_token_from_server create_token status is verified, no further check required, returning directly. token:34bd00******d27ca4 expires:1784163631570 status:NORMAL
19292 2026-07-01 19:35:29,190 webull.core.http.initializer.token.token_manager INFO save_token_to_local writing token to local file. token:34bd00******d27ca4 expires:1784163631570 status:NORMAL
28112 2026-07-01 19:35:29,189 webull.core.http.initializer.token.token_manager INFO fetch_token_from_server create_token result. token:34bd00******d27ca4 expires:1784163631570 status:NORMAL
19292 2026-07-01 19:35:29,190 webull.core.http.initializer.token.token_manager INFO save_token_to_local writing token to local file. token:34bd00******d27ca4 expires:1784163631570 status:NORMAL
28112 2026-07-01 19:35:29,191 webull.core.http.initializer.token.token_manager INFO fetch_token_from_server create_token status is verified, no further check required, returning directly. token:34bd00******d27ca4 expires:1784163631570 status:NORMAL
28112 2026-07-01 19:35:29,191 webull.core.http.initializer.token.token_manager INFO fetch_token_from_server create_token status is verified, no further check required, returning directly. token:34bd00******d27ca4 expires:1784163631570 status:NORMAL
28112 2026-07-01 19:35:29,192 webull.core.http.initializer.token.token_manager INFO save_token_to_local writing token to local file. token:34bd00******d27ca4 expires:1784163631570 status:NORMAL
19292 2026-07-01 19:35:29,192 webull.core.http.initializer.token.token_manager INFO save_token_to_local writing token to file completed.
28112 2026-07-01 19:35:29,192 webull.core.http.initializer.token.token_manager INFO save_token_to_local writing token to local file. token:34bd00******d27ca4 expires:1784163631570 status:NORMAL
19292 2026-07-01 19:35:29,192 webull.core.http.initializer.token.token_manager INFO save_token_to_local writing token to file completed.
19292 2026-07-01 19:35:29,193 webull.core.http.initializer.token.token_manager INFO init_token finished. token:34bd00******d27ca4 expires:1784163631570 status:NORMAL
19292 2026-07-01 19:35:29,193 webull.core.http.initializer.token.token_manager INFO init_token finished. token:34bd00******d27ca4 expires:1784163631570 status:NORMAL
28112 2026-07-01 19:35:29,194 webull.core.http.initializer.token.token_manager INFO save_token_to_local writing token to file completed.
28112 2026-07-01 19:35:29,194 webull.core.http.initializer.token.token_manager INFO save_token_to_local writing token to file completed.
28112 2026-07-01 19:35:29,195 webull.core.http.initializer.token.token_manager INFO init_token finished. token:34bd00******d27ca4 expires:1784163631570 status:NORMAL
28112 2026-07-01 19:35:29,195 webull.core.http.initializer.token.token_manager INFO init_token finished. token:34bd00******d27ca4 expires:1784163631570 status:NORMAL
28112 2026-07-01 19:35:32,654 webull.core.client ERROR ServerException occurred. Host:api.webull.com SDK-Version:2.0.12 Request:{
  "_version": "v2",
  "_action_name": "/openapi/market-data/futures/bars",
  "_protocol_type": "https",
  "_accept_format": "JSON",
  "_params": {
    "symbols": "NQmain",
    "category": "US_FUTURES",
    "timespan": "M5",
    "count": 800
  },
  "_method": "GET",
  "_header": {
    "x-version": "v2",
    "Accept-Encoding": "gzip",
    "x-app-key": "0661865629f7d2e7f06a6ab332b12de3",
    "x-timestamp": "2026-07-01T23:35:32Z",
    "x-signature-version": "1.0",
    "x-signature-algorithm": "HMAC-SHA1",
    "x-signature-nonce": "89ccf206-ba2b-58a6-85ad-a679505bf35c",
    "x-signature": "VHUUSUJm0Cs7m5CdG9Be2nS0Sf0=",
    "User-Agent": "WebullApiSDK (Windows 11;AMD64) Python/3.13.14 Core/2.0.12 python-requests/2.34.2",
    "x-access-token": "34bd0085401549358574c7e9e9d27ca4",
    "x-webull-client-source": "sdk"
  },
  "_body_params": null,
  "_uri_pattern": null,
  "_uri_params": null,
  "_content": null,
  "_extra_user_agent": {},
  "string_to_sign": "",
  "_request_connect_timeout": null,
  "_request_read_timeout": null,
  "endpoint": "api.webull.com",
  "_signer_spec": "<module 'webull.core.auth.algorithm.sha_hmac1' from 'C:\\\\Users\\\\heela\\\\OneDrive\\\\\u00c1rea de Trabalho\\\\prediction\\\\.venv\\\\Lib\\\\site-packages\\\\webull\\\\core\\\\auth\\\\algorithm\\\\sha_hmac1.py'>"
} Response:{'error_code': 'Unauthorized', 'message': 'Insufficient permission, please subscribe to US_FUTURES quotes.', 'status': 401} ServerException:HTTP Status: 401, Code: Unauthorized, Msg: Insufficient permission, please subscribe to US_FUTURES quotes., RequestID: 81fb28c5-d64e-4b29-8b29-73a9b62af31c
28112 2026-07-01 19:35:32,654 webull.core.client ERROR ServerException occurred. Host:api.webull.com SDK-Version:2.0.12 Request:{
  "_version": "v2",
  "_action_name": "/openapi/market-data/futures/bars",
  "_protocol_type": "https",
  "_accept_format": "JSON",
  "_params": {
    "symbols": "NQmain",
    "category": "US_FUTURES",
    "timespan": "M5",
    "count": 800
  },
  "_method": "GET",
  "_header": {
    "x-version": "v2",
    "Accept-Encoding": "gzip",
    "x-app-key": "0661865629f7d2e7f06a6ab332b12de3",
    "x-timestamp": "2026-07-01T23:35:32Z",
    "x-signature-version": "1.0",
    "x-signature-algorithm": "HMAC-SHA1",
    "x-signature-nonce": "89ccf206-ba2b-58a6-85ad-a679505bf35c",
    "x-signature": "VHUUSUJm0Cs7m5CdG9Be2nS0Sf0=",
    "User-Agent": "WebullApiSDK (Windows 11;AMD64) Python/3.13.14 Core/2.0.12 python-requests/2.34.2",
    "x-access-token": "34bd0085401549358574c7e9e9d27ca4",
    "x-webull-client-source": "sdk"
  },
  "_body_params": null,
  "_uri_pattern": null,
  "_uri_params": null,
  "_content": null,
  "_extra_user_agent": {},
  "string_to_sign": "",
  "_request_connect_timeout": null,
  "_request_read_timeout": null,
  "endpoint": "api.webull.com",
  "_signer_spec": "<module 'webull.core.auth.algorithm.sha_hmac1' from 'C:\\\\Users\\\\heela\\\\OneDrive\\\\\u00c1rea de Trabalho\\\\prediction\\\\.venv\\\\Lib\\\\site-packages\\\\webull\\\\core\\\\auth\\\\algorithm\\\\sha_hmac1.py'>"
} Response:{'error_code': 'Unauthorized', 'message': 'Insufficient permission, please subscribe to US_FUTURES quotes.', 'status': 401} ServerException:HTTP Status: 401, Code: Unauthorized, Msg: Insufficient permission, please subscribe to US_FUTURES quotes., RequestID: 81fb28c5-d64e-4b29-8b29-73a9b62af31c
28112 2026-07-01 19:35:32,655 webull.core.client ERROR get_response exception. {
  "error_code": "Unauthorized",
  "error_msg": "Insufficient permission, please subscribe to US_FUTURES quotes.",
  "http_status": 401,
  "request_id": "81fb28c5-d64e-4b29-8b29-73a9b62af31c"
}
28112 2026-07-01 19:35:32,655 webull.core.client ERROR get_response exception. {
  "error_code": "Unauthorized",
  "error_msg": "Insufficient permission, please subscribe to US_FUTURES quotes.",
  "http_status": 401,
  "request_id": "81fb28c5-d64e-4b29-8b29-73a9b62af31c"
}
