3684 2026-06-30 23:14:47,309 webull.core.http.initializer.client_initializer INFO _check_token_enable result is True
--- Logging error ---
Traceback (most recent call last):
  File "C:\Program Files\WindowsApps\PythonSoftwareFoundation.Python.3.13_3.13.3824.0_x64__qbz5n2kfra8p0\Lib\logging\handlers.py", line 80, in emit
    self.doRollover()
    ~~~~~~~~~~~~~~~^^
  File "C:\Program Files\WindowsApps\PythonSoftwareFoundation.Python.3.13_3.13.3824.0_x64__qbz5n2kfra8p0\Lib\logging\handlers.py", line 456, in doRollover
    self.rotate(self.baseFilename, dfn)
    ~~~~~~~~~~~^^^^^^^^^^^^^^^^^^^^^^^^
  File "C:\Program Files\WindowsApps\PythonSoftwareFoundation.Python.3.13_3.13.3824.0_x64__qbz5n2kfra8p0\Lib\logging\handlers.py", line 121, in rotate
    os.rename(source, dest)
    ~~~~~~~~~^^^^^^^^^^^^^^
PermissionError: [WinError 32] The process cannot access the file because it is being used by another process: 'C:\\Users\\heela\\OneDrive\\Área de Trabalho\\prediction\\BOT\\webull_data_sdk.log' -> 'C:\\Users\\heela\\OneDrive\\Área de Trabalho\\prediction\\BOT\\webull_data_sdk.log.2026-06-30_22'
Call stack:
  File "C:\Program Files\WindowsApps\PythonSoftwareFoundation.Python.3.13_3.13.3824.0_x64__qbz5n2kfra8p0\Lib\threading.py", line 1015, in _bootstrap
    self._bootstrap_inner()
  File "C:\Program Files\WindowsApps\PythonSoftwareFoundation.Python.3.13_3.13.3824.0_x64__qbz5n2kfra8p0\Lib\threading.py", line 1044, in _bootstrap_inner
    self.run()
  File "C:\Program Files\WindowsApps\PythonSoftwareFoundation.Python.3.13_3.13.3824.0_x64__qbz5n2kfra8p0\Lib\threading.py", line 995, in run
    self._target(*self._args, **self._kwargs)
  File "C:\Users\heela\OneDrive\Área de Trabalho\prediction\BOT\bot\api\server.py", line 131, in _scan_loop
    _latest["signals"] = scan_watchlist(_WATCH, bars_back=4, persist=False)
  File "C:\Users\heela\OneDrive\Área de Trabalho\prediction\BOT\bot\live.py", line 47, in scan_watchlist
    bars = get_bars(sym, "5m", period="5d", provider=provider)
  File "C:\Users\heela\OneDrive\Área de Trabalho\prediction\BOT\bot\market_data\providers.py", line 273, in get_bars
    df = fn(symbol, tf=tf, period=period) if name == "yahoo" else fn(symbol, tf=tf)
  File "C:\Users\heela\OneDrive\Área de Trabalho\prediction\BOT\bot\market_data\providers.py", line 146, in webull_bars
    dc = _webull_client()
  File "C:\Users\heela\OneDrive\Área de Trabalho\prediction\BOT\bot\market_data\providers.py", line 128, in _webull_client
    _WB_CLIENT.clear(); _WB_CLIENT[ck] = DataClient(client)  # one cached client (DataClient auths on init)
  File "C:\Users\heela\OneDrive\Área de Trabalho\prediction\.venv\Lib\site-packages\webull\data\data_client.py", line 35, in __init__
    ClientInitializer.initializer(api_client)
  File "C:\Users\heela\OneDrive\Área de Trabalho\prediction\.venv\Lib\site-packages\webull\core\http\initializer\client_initializer.py", line 52, in initializer
    ClientInitializer.init_token(api_client)
  File "C:\Users\heela\OneDrive\Área de Trabalho\prediction\.venv\Lib\site-packages\webull\core\http\initializer\client_initializer.py", line 57, in init_token
    if not ClientInitializer._check_token_enable(api_client):
  File "C:\Users\heela\OneDrive\Área de Trabalho\prediction\.venv\Lib\site-packages\webull\core\http\initializer\client_initializer.py", line 87, in _check_token_enable
    logger.info("_check_token_enable result is %s",result)
Message: '_check_token_enable result is %s'
Arguments: (True,)
3684 2026-06-30 23:14:47,318 webull.core.http.initializer.token.token_storage INFO storage_token uses the default configuration, conf.
--- Logging error ---
Traceback (most recent call last):
  File "C:\Program Files\WindowsApps\PythonSoftwareFoundation.Python.3.13_3.13.3824.0_x64__qbz5n2kfra8p0\Lib\logging\handlers.py", line 80, in emit
    self.doRollover()
    ~~~~~~~~~~~~~~~^^
  File "C:\Program Files\WindowsApps\PythonSoftwareFoundation.Python.3.13_3.13.3824.0_x64__qbz5n2kfra8p0\Lib\logging\handlers.py", line 456, in doRollover
    self.rotate(self.baseFilename, dfn)
    ~~~~~~~~~~~^^^^^^^^^^^^^^^^^^^^^^^^
  File "C:\Program Files\WindowsApps\PythonSoftwareFoundation.Python.3.13_3.13.3824.0_x64__qbz5n2kfra8p0\Lib\logging\handlers.py", line 121, in rotate
    os.rename(source, dest)
    ~~~~~~~~~^^^^^^^^^^^^^^
PermissionError: [WinError 32] The process cannot access the file because it is being used by another process: 'C:\\Users\\heela\\OneDrive\\Área de Trabalho\\prediction\\BOT\\webull_data_sdk.log' -> 'C:\\Users\\heela\\OneDrive\\Área de Trabalho\\prediction\\BOT\\webull_data_sdk.log.2026-06-30_22'
Call stack:
  File "C:\Program Files\WindowsApps\PythonSoftwareFoundation.Python.3.13_3.13.3824.0_x64__qbz5n2kfra8p0\Lib\threading.py", line 1015, in _bootstrap
    self._bootstrap_inner()
  File "C:\Program Files\WindowsApps\PythonSoftwareFoundation.Python.3.13_3.13.3824.0_x64__qbz5n2kfra8p0\Lib\threading.py", line 1044, in _bootstrap_inner
    self.run()
  File "C:\Program Files\WindowsApps\PythonSoftwareFoundation.Python.3.13_3.13.3824.0_x64__qbz5n2kfra8p0\Lib\threading.py", line 995, in run
    self._target(*self._args, **self._kwargs)
  File "C:\Users\heela\OneDrive\Área de Trabalho\prediction\BOT\bot\api\server.py", line 131, in _scan_loop
    _latest["signals"] = scan_watchlist(_WATCH, bars_back=4, persist=False)
  File "C:\Users\heela\OneDrive\Área de Trabalho\prediction\BOT\bot\live.py", line 47, in scan_watchlist
    bars = get_bars(sym, "5m", period="5d", provider=provider)
  File "C:\Users\heela\OneDrive\Área de Trabalho\prediction\BOT\bot\market_data\providers.py", line 273, in get_bars
    df = fn(symbol, tf=tf, period=period) if name == "yahoo" else fn(symbol, tf=tf)
  File "C:\Users\heela\OneDrive\Área de Trabalho\prediction\BOT\bot\market_data\providers.py", line 146, in webull_bars
    dc = _webull_client()
  File "C:\Users\heela\OneDrive\Área de Trabalho\prediction\BOT\bot\market_data\providers.py", line 128, in _webull_client
    _WB_CLIENT.clear(); _WB_CLIENT[ck] = DataClient(client)  # one cached client (DataClient auths on init)
  File "C:\Users\heela\OneDrive\Área de Trabalho\prediction\.venv\Lib\site-packages\webull\data\data_client.py", line 35, in __init__
    ClientInitializer.initializer(api_client)
  File "C:\Users\heela\OneDrive\Área de Trabalho\prediction\.venv\Lib\site-packages\webull\core\http\initializer\client_initializer.py", line 52, in initializer
    ClientInitializer.init_token(api_client)
  File "C:\Users\heela\OneDrive\Área de Trabalho\prediction\.venv\Lib\site-packages\webull\core\http\initializer\client_initializer.py", line 60, in init_token
    token_manager = TokenManager(api_client.get_token_dir())
  File "C:\Users\heela\OneDrive\Área de Trabalho\prediction\.venv\Lib\site-packages\webull\core\http\initializer\token\token_manager.py", line 51, in __init__
    token_storage = TokenStorage(custom_token_dir=custom_token_dir)
  File "C:\Users\heela\OneDrive\Área de Trabalho\prediction\.venv\Lib\site-packages\webull\core\http\initializer\token\token_storage.py", line 59, in __init__
    self.storage_token_dir = self._resolve_dir(custom_token_dir)
  File "C:\Users\heela\OneDrive\Área de Trabalho\prediction\.venv\Lib\site-packages\webull\core\http\initializer\token\token_storage.py", line 82, in _resolve_dir
    logger.info("storage_token uses the default configuration, %s.", raw_dir)
Message: 'storage_token uses the default configuration, %s.'
Arguments: ('conf',)
3684 2026-06-30 23:14:47,322 webull.core.http.initializer.token.token_storage INFO storage_token initialized path:C:\Users\heela\OneDrive\Área de Trabalho\prediction\BOT\conf\token.txt.
--- Logging error ---
Traceback (most recent call last):
  File "C:\Program Files\WindowsApps\PythonSoftwareFoundation.Python.3.13_3.13.3824.0_x64__qbz5n2kfra8p0\Lib\logging\handlers.py", line 80, in emit
    self.doRollover()
    ~~~~~~~~~~~~~~~^^
  File "C:\Program Files\WindowsApps\PythonSoftwareFoundation.Python.3.13_3.13.3824.0_x64__qbz5n2kfra8p0\Lib\logging\handlers.py", line 456, in doRollover
    self.rotate(self.baseFilename, dfn)
    ~~~~~~~~~~~^^^^^^^^^^^^^^^^^^^^^^^^
  File "C:\Program Files\WindowsApps\PythonSoftwareFoundation.Python.3.13_3.13.3824.0_x64__qbz5n2kfra8p0\Lib\logging\handlers.py", line 121, in rotate
    os.rename(source, dest)
    ~~~~~~~~~^^^^^^^^^^^^^^
PermissionError: [WinError 32] The process cannot access the file because it is being used by another process: 'C:\\Users\\heela\\OneDrive\\Área de Trabalho\\prediction\\BOT\\webull_data_sdk.log' -> 'C:\\Users\\heela\\OneDrive\\Área de Trabalho\\prediction\\BOT\\webull_data_sdk.log.2026-06-30_22'
Call stack:
  File "C:\Program Files\WindowsApps\PythonSoftwareFoundation.Python.3.13_3.13.3824.0_x64__qbz5n2kfra8p0\Lib\threading.py", line 1015, in _bootstrap
    self._bootstrap_inner()
  File "C:\Program Files\WindowsApps\PythonSoftwareFoundation.Python.3.13_3.13.3824.0_x64__qbz5n2kfra8p0\Lib\threading.py", line 1044, in _bootstrap_inner
    self.run()
  File "C:\Program Files\WindowsApps\PythonSoftwareFoundation.Python.3.13_3.13.3824.0_x64__qbz5n2kfra8p0\Lib\threading.py", line 995, in run
    self._target(*self._args, **self._kwargs)
  File "C:\Users\heela\OneDrive\Área de Trabalho\prediction\BOT\bot\api\server.py", line 131, in _scan_loop
    _latest["signals"] = scan_watchlist(_WATCH, bars_back=4, persist=False)
  File "C:\Users\heela\OneDrive\Área de Trabalho\prediction\BOT\bot\live.py", line 47, in scan_watchlist
    bars = get_bars(sym, "5m", period="5d", provider=provider)
  File "C:\Users\heela\OneDrive\Área de Trabalho\prediction\BOT\bot\market_data\providers.py", line 273, in get_bars
    df = fn(symbol, tf=tf, period=period) if name == "yahoo" else fn(symbol, tf=tf)
  File "C:\Users\heela\OneDrive\Área de Trabalho\prediction\BOT\bot\market_data\providers.py", line 146, in webull_bars
    dc = _webull_client()
  File "C:\Users\heela\OneDrive\Área de Trabalho\prediction\BOT\bot\market_data\providers.py", line 128, in _webull_client
    _WB_CLIENT.clear(); _WB_CLIENT[ck] = DataClient(client)  # one cached client (DataClient auths on init)
  File "C:\Users\heela\OneDrive\Área de Trabalho\prediction\.venv\Lib\site-packages\webull\data\data_client.py", line 35, in __init__
    ClientInitializer.initializer(api_client)
  File "C:\Users\heela\OneDrive\Área de Trabalho\prediction\.venv\Lib\site-packages\webull\core\http\initializer\client_initializer.py", line 52, in initializer
    ClientInitializer.init_token(api_client)
  File "C:\Users\heela\OneDrive\Área de Trabalho\prediction\.venv\Lib\site-packages\webull\core\http\initializer\client_initializer.py", line 60, in init_token
    token_manager = TokenManager(api_client.get_token_dir())
  File "C:\Users\heela\OneDrive\Área de Trabalho\prediction\.venv\Lib\site-packages\webull\core\http\initializer\token\token_manager.py", line 51, in __init__
    token_storage = TokenStorage(custom_token_dir=custom_token_dir)
  File "C:\Users\heela\OneDrive\Área de Trabalho\prediction\.venv\Lib\site-packages\webull\core\http\initializer\token\token_storage.py", line 66, in __init__
    logger.info("storage_token initialized path:%s.",self.token_file)
Message: 'storage_token initialized path:%s.'
Arguments: (WindowsPath('C:/Users/heela/OneDrive/Área de Trabalho/prediction/BOT/conf/token.txt'),)
3684 2026-06-30 23:14:47,325 webull.core.http.initializer.token.token_storage WARNING storage_token Note: The token file already exists, the latest token configuration will be overwritten and written to the token file after successful 2FA verification. path:C:\Users\heela\OneDrive\Área de Trabalho\prediction\BOT\conf\token.txt.
--- Logging error ---
Traceback (most recent call last):
  File "C:\Program Files\WindowsApps\PythonSoftwareFoundation.Python.3.13_3.13.3824.0_x64__qbz5n2kfra8p0\Lib\logging\handlers.py", line 80, in emit
    self.doRollover()
    ~~~~~~~~~~~~~~~^^
  File "C:\Program Files\WindowsApps\PythonSoftwareFoundation.Python.3.13_3.13.3824.0_x64__qbz5n2kfra8p0\Lib\logging\handlers.py", line 456, in doRollover
    self.rotate(self.baseFilename, dfn)
    ~~~~~~~~~~~^^^^^^^^^^^^^^^^^^^^^^^^
  File "C:\Program Files\WindowsApps\PythonSoftwareFoundation.Python.3.13_3.13.3824.0_x64__qbz5n2kfra8p0\Lib\logging\handlers.py", line 121, in rotate
    os.rename(source, dest)
    ~~~~~~~~~^^^^^^^^^^^^^^
PermissionError: [WinError 32] The process cannot access the file because it is being used by another process: 'C:\\Users\\heela\\OneDrive\\Área de Trabalho\\prediction\\BOT\\webull_data_sdk.log' -> 'C:\\Users\\heela\\OneDrive\\Área de Trabalho\\prediction\\BOT\\webull_data_sdk.log.2026-06-30_22'
Call stack:
  File "C:\Program Files\WindowsApps\PythonSoftwareFoundation.Python.3.13_3.13.3824.0_x64__qbz5n2kfra8p0\Lib\threading.py", line 1015, in _bootstrap
    self._bootstrap_inner()
  File "C:\Program Files\WindowsApps\PythonSoftwareFoundation.Python.3.13_3.13.3824.0_x64__qbz5n2kfra8p0\Lib\threading.py", line 1044, in _bootstrap_inner
    self.run()
  File "C:\Program Files\WindowsApps\PythonSoftwareFoundation.Python.3.13_3.13.3824.0_x64__qbz5n2kfra8p0\Lib\threading.py", line 995, in run
    self._target(*self._args, **self._kwargs)
  File "C:\Users\heela\OneDrive\Área de Trabalho\prediction\BOT\bot\api\server.py", line 131, in _scan_loop
    _latest["signals"] = scan_watchlist(_WATCH, bars_back=4, persist=False)
  File "C:\Users\heela\OneDrive\Área de Trabalho\prediction\BOT\bot\live.py", line 47, in scan_watchlist
    bars = get_bars(sym, "5m", period="5d", provider=provider)
  File "C:\Users\heela\OneDrive\Área de Trabalho\prediction\BOT\bot\market_data\providers.py", line 273, in get_bars
    df = fn(symbol, tf=tf, period=period) if name == "yahoo" else fn(symbol, tf=tf)
  File "C:\Users\heela\OneDrive\Área de Trabalho\prediction\BOT\bot\market_data\providers.py", line 146, in webull_bars
    dc = _webull_client()
  File "C:\Users\heela\OneDrive\Área de Trabalho\prediction\BOT\bot\market_data\providers.py", line 128, in _webull_client
    _WB_CLIENT.clear(); _WB_CLIENT[ck] = DataClient(client)  # one cached client (DataClient auths on init)
  File "C:\Users\heela\OneDrive\Área de Trabalho\prediction\.venv\Lib\site-packages\webull\data\data_client.py", line 35, in __init__
    ClientInitializer.initializer(api_client)
  File "C:\Users\heela\OneDrive\Área de Trabalho\prediction\.venv\Lib\site-packages\webull\core\http\initializer\client_initializer.py", line 52, in initializer
    ClientInitializer.init_token(api_client)
  File "C:\Users\heela\OneDrive\Área de Trabalho\prediction\.venv\Lib\site-packages\webull\core\http\initializer\client_initializer.py", line 60, in init_token
    token_manager = TokenManager(api_client.get_token_dir())
  File "C:\Users\heela\OneDrive\Área de Trabalho\prediction\.venv\Lib\site-packages\webull\core\http\initializer\token\token_manager.py", line 51, in __init__
    token_storage = TokenStorage(custom_token_dir=custom_token_dir)
  File "C:\Users\heela\OneDrive\Área de Trabalho\prediction\.venv\Lib\site-packages\webull\core\http\initializer\token\token_storage.py", line 68, in __init__
    self._check_file_exists()
  File "C:\Users\heela\OneDrive\Área de Trabalho\prediction\.venv\Lib\site-packages\webull\core\http\initializer\token\token_storage.py", line 137, in _check_file_exists
    logger.warning(msg)
Message: 'storage_token Note: The token file already exists, the latest token configuration will be overwritten and written to the token file after successful 2FA verification. path:C:\\Users\\heela\\OneDrive\\Área de Trabalho\\prediction\\BOT\\conf\\token.txt.'
Arguments: ()
3684 2026-06-30 23:14:47,328 webull.core.http.initializer.token.token_manager INFO load_token_from_local reading token from file...
--- Logging error ---
Traceback (most recent call last):
  File "C:\Program Files\WindowsApps\PythonSoftwareFoundation.Python.3.13_3.13.3824.0_x64__qbz5n2kfra8p0\Lib\logging\handlers.py", line 80, in emit
    self.doRollover()
    ~~~~~~~~~~~~~~~^^
  File "C:\Program Files\WindowsApps\PythonSoftwareFoundation.Python.3.13_3.13.3824.0_x64__qbz5n2kfra8p0\Lib\logging\handlers.py", line 456, in doRollover
    self.rotate(self.baseFilename, dfn)
    ~~~~~~~~~~~^^^^^^^^^^^^^^^^^^^^^^^^
  File "C:\Program Files\WindowsApps\PythonSoftwareFoundation.Python.3.13_3.13.3824.0_x64__qbz5n2kfra8p0\Lib\logging\handlers.py", line 121, in rotate
    os.rename(source, dest)
    ~~~~~~~~~^^^^^^^^^^^^^^
PermissionError: [WinError 32] The process cannot access the file because it is being used by another process: 'C:\\Users\\heela\\OneDrive\\Área de Trabalho\\prediction\\BOT\\webull_data_sdk.log' -> 'C:\\Users\\heela\\OneDrive\\Área de Trabalho\\prediction\\BOT\\webull_data_sdk.log.2026-06-30_22'
Call stack:
  File "C:\Program Files\WindowsApps\PythonSoftwareFoundation.Python.3.13_3.13.3824.0_x64__qbz5n2kfra8p0\Lib\threading.py", line 1015, in _bootstrap
    self._bootstrap_inner()
  File "C:\Program Files\WindowsApps\PythonSoftwareFoundation.Python.3.13_3.13.3824.0_x64__qbz5n2kfra8p0\Lib\threading.py", line 1044, in _bootstrap_inner
    self.run()
  File "C:\Program Files\WindowsApps\PythonSoftwareFoundation.Python.3.13_3.13.3824.0_x64__qbz5n2kfra8p0\Lib\threading.py", line 995, in run
    self._target(*self._args, **self._kwargs)
  File "C:\Users\heela\OneDrive\Área de Trabalho\prediction\BOT\bot\api\server.py", line 131, in _scan_loop
    _latest["signals"] = scan_watchlist(_WATCH, bars_back=4, persist=False)
  File "C:\Users\heela\OneDrive\Área de Trabalho\prediction\BOT\bot\live.py", line 47, in scan_watchlist
    bars = get_bars(sym, "5m", period="5d", provider=provider)
  File "C:\Users\heela\OneDrive\Área de Trabalho\prediction\BOT\bot\market_data\providers.py", line 273, in get_bars
    df = fn(symbol, tf=tf, period=period) if name == "yahoo" else fn(symbol, tf=tf)
  File "C:\Users\heela\OneDrive\Área de Trabalho\prediction\BOT\bot\market_data\providers.py", line 146, in webull_bars
    dc = _webull_client()
  File "C:\Users\heela\OneDrive\Área de Trabalho\prediction\BOT\bot\market_data\providers.py", line 128, in _webull_client
    _WB_CLIENT.clear(); _WB_CLIENT[ck] = DataClient(client)  # one cached client (DataClient auths on init)
  File "C:\Users\heela\OneDrive\Área de Trabalho\prediction\.venv\Lib\site-packages\webull\data\data_client.py", line 35, in __init__
    ClientInitializer.initializer(api_client)
  File "C:\Users\heela\OneDrive\Área de Trabalho\prediction\.venv\Lib\site-packages\webull\core\http\initializer\client_initializer.py", line 52, in initializer
    ClientInitializer.init_token(api_client)
  File "C:\Users\heela\OneDrive\Área de Trabalho\prediction\.venv\Lib\site-packages\webull\core\http\initializer\client_initializer.py", line 61, in init_token
    token_manager.init_token(api_client)
  File "C:\Users\heela\OneDrive\Área de Trabalho\prediction\.venv\Lib\site-packages\webull\core\http\initializer\token\token_manager.py", line 55, in init_token
    local_access_token = self.load_token_from_local()
  File "C:\Users\heela\OneDrive\Área de Trabalho\prediction\.venv\Lib\site-packages\webull\core\http\initializer\token\token_manager.py", line 77, in load_token_from_local
    logger.info("load_token_from_local reading token from file...")
Message: 'load_token_from_local reading token from file...'
Arguments: ()
3684 2026-06-30 23:14:47,331 webull.core.http.initializer.token.token_manager INFO load_token_from_local read local token result. token:34bd00******d27ca4 expires:1784163631570 status:NORMAL
--- Logging error ---
Traceback (most recent call last):
  File "C:\Program Files\WindowsApps\PythonSoftwareFoundation.Python.3.13_3.13.3824.0_x64__qbz5n2kfra8p0\Lib\logging\handlers.py", line 80, in emit
    self.doRollover()
    ~~~~~~~~~~~~~~~^^
  File "C:\Program Files\WindowsApps\PythonSoftwareFoundation.Python.3.13_3.13.3824.0_x64__qbz5n2kfra8p0\Lib\logging\handlers.py", line 456, in doRollover
    self.rotate(self.baseFilename, dfn)
    ~~~~~~~~~~~^^^^^^^^^^^^^^^^^^^^^^^^
  File "C:\Program Files\WindowsApps\PythonSoftwareFoundation.Python.3.13_3.13.3824.0_x64__qbz5n2kfra8p0\Lib\logging\handlers.py", line 121, in rotate
    os.rename(source, dest)
    ~~~~~~~~~^^^^^^^^^^^^^^
PermissionError: [WinError 32] The process cannot access the file because it is being used by another process: 'C:\\Users\\heela\\OneDrive\\Área de Trabalho\\prediction\\BOT\\webull_data_sdk.log' -> 'C:\\Users\\heela\\OneDrive\\Área de Trabalho\\prediction\\BOT\\webull_data_sdk.log.2026-06-30_22'
Call stack:
  File "C:\Program Files\WindowsApps\PythonSoftwareFoundation.Python.3.13_3.13.3824.0_x64__qbz5n2kfra8p0\Lib\threading.py", line 1015, in _bootstrap
    self._bootstrap_inner()
  File "C:\Program Files\WindowsApps\PythonSoftwareFoundation.Python.3.13_3.13.3824.0_x64__qbz5n2kfra8p0\Lib\threading.py", line 1044, in _bootstrap_inner
    self.run()
  File "C:\Program Files\WindowsApps\PythonSoftwareFoundation.Python.3.13_3.13.3824.0_x64__qbz5n2kfra8p0\Lib\threading.py", line 995, in run
    self._target(*self._args, **self._kwargs)
  File "C:\Users\heela\OneDrive\Área de Trabalho\prediction\BOT\bot\api\server.py", line 131, in _scan_loop
    _latest["signals"] = scan_watchlist(_WATCH, bars_back=4, persist=False)
  File "C:\Users\heela\OneDrive\Área de Trabalho\prediction\BOT\bot\live.py", line 47, in scan_watchlist
    bars = get_bars(sym, "5m", period="5d", provider=provider)
  File "C:\Users\heela\OneDrive\Área de Trabalho\prediction\BOT\bot\market_data\providers.py", line 273, in get_bars
    df = fn(symbol, tf=tf, period=period) if name == "yahoo" else fn(symbol, tf=tf)
  File "C:\Users\heela\OneDrive\Área de Trabalho\prediction\BOT\bot\market_data\providers.py", line 146, in webull_bars
    dc = _webull_client()
  File "C:\Users\heela\OneDrive\Área de Trabalho\prediction\BOT\bot\market_data\providers.py", line 128, in _webull_client
    _WB_CLIENT.clear(); _WB_CLIENT[ck] = DataClient(client)  # one cached client (DataClient auths on init)
  File "C:\Users\heela\OneDrive\Área de Trabalho\prediction\.venv\Lib\site-packages\webull\data\data_client.py", line 35, in __init__
    ClientInitializer.initializer(api_client)
  File "C:\Users\heela\OneDrive\Área de Trabalho\prediction\.venv\Lib\site-packages\webull\core\http\initializer\client_initializer.py", line 52, in initializer
    ClientInitializer.init_token(api_client)
  File "C:\Users\heela\OneDrive\Área de Trabalho\prediction\.venv\Lib\site-packages\webull\core\http\initializer\client_initializer.py", line 61, in init_token
    token_manager.init_token(api_client)
  File "C:\Users\heela\OneDrive\Área de Trabalho\prediction\.venv\Lib\site-packages\webull\core\http\initializer\token\token_manager.py", line 55, in init_token
    local_access_token = self.load_token_from_local()
  File "C:\Users\heela\OneDrive\Área de Trabalho\prediction\.venv\Lib\site-packages\webull\core\http\initializer\token\token_manager.py", line 89, in load_token_from_local
    logger.info("load_token_from_local read local token result. token:%s expires:%s status:%s",
Message: 'load_token_from_local read local token result. token:%s expires:%s status:%s'
Arguments: ('34bd00******d27ca4', 1784163631570, 'NORMAL')
3684 2026-06-30 23:14:47,714 webull.core.http.initializer.token.token_manager INFO fetch_token_from_server create_token result. token:34bd00******d27ca4 expires:1784163631570 status:NORMAL
--- Logging error ---
Traceback (most recent call last):
  File "C:\Program Files\WindowsApps\PythonSoftwareFoundation.Python.3.13_3.13.3824.0_x64__qbz5n2kfra8p0\Lib\logging\handlers.py", line 80, in emit
    self.doRollover()
    ~~~~~~~~~~~~~~~^^
  File "C:\Program Files\WindowsApps\PythonSoftwareFoundation.Python.3.13_3.13.3824.0_x64__qbz5n2kfra8p0\Lib\logging\handlers.py", line 456, in doRollover
    self.rotate(self.baseFilename, dfn)
    ~~~~~~~~~~~^^^^^^^^^^^^^^^^^^^^^^^^
  File "C:\Program Files\WindowsApps\PythonSoftwareFoundation.Python.3.13_3.13.3824.0_x64__qbz5n2kfra8p0\Lib\logging\handlers.py", line 121, in rotate
    os.rename(source, dest)
    ~~~~~~~~~^^^^^^^^^^^^^^
PermissionError: [WinError 32] The process cannot access the file because it is being used by another process: 'C:\\Users\\heela\\OneDrive\\Área de Trabalho\\prediction\\BOT\\webull_data_sdk.log' -> 'C:\\Users\\heela\\OneDrive\\Área de Trabalho\\prediction\\BOT\\webull_data_sdk.log.2026-06-30_22'
Call stack:
  File "C:\Program Files\WindowsApps\PythonSoftwareFoundation.Python.3.13_3.13.3824.0_x64__qbz5n2kfra8p0\Lib\threading.py", line 1015, in _bootstrap
    self._bootstrap_inner()
  File "C:\Program Files\WindowsApps\PythonSoftwareFoundation.Python.3.13_3.13.3824.0_x64__qbz5n2kfra8p0\Lib\threading.py", line 1044, in _bootstrap_inner
    self.run()
  File "C:\Program Files\WindowsApps\PythonSoftwareFoundation.Python.3.13_3.13.3824.0_x64__qbz5n2kfra8p0\Lib\threading.py", line 995, in run
    self._target(*self._args, **self._kwargs)
  File "C:\Users\heela\OneDrive\Área de Trabalho\prediction\BOT\bot\api\server.py", line 131, in _scan_loop
    _latest["signals"] = scan_watchlist(_WATCH, bars_back=4, persist=False)
  File "C:\Users\heela\OneDrive\Área de Trabalho\prediction\BOT\bot\live.py", line 47, in scan_watchlist
    bars = get_bars(sym, "5m", period="5d", provider=provider)
  File "C:\Users\heela\OneDrive\Área de Trabalho\prediction\BOT\bot\market_data\providers.py", line 273, in get_bars
    df = fn(symbol, tf=tf, period=period) if name == "yahoo" else fn(symbol, tf=tf)
  File "C:\Users\heela\OneDrive\Área de Trabalho\prediction\BOT\bot\market_data\providers.py", line 146, in webull_bars
    dc = _webull_client()
  File "C:\Users\heela\OneDrive\Área de Trabalho\prediction\BOT\bot\market_data\providers.py", line 128, in _webull_client
    _WB_CLIENT.clear(); _WB_CLIENT[ck] = DataClient(client)  # one cached client (DataClient auths on init)
  File "C:\Users\heela\OneDrive\Área de Trabalho\prediction\.venv\Lib\site-packages\webull\data\data_client.py", line 35, in __init__
    ClientInitializer.initializer(api_client)
  File "C:\Users\heela\OneDrive\Área de Trabalho\prediction\.venv\Lib\site-packages\webull\core\http\initializer\client_initializer.py", line 52, in initializer
    ClientInitializer.init_token(api_client)
  File "C:\Users\heela\OneDrive\Área de Trabalho\prediction\.venv\Lib\site-packages\webull\core\http\initializer\client_initializer.py", line 61, in init_token
    token_manager.init_token(api_client)
  File "C:\Users\heela\OneDrive\Área de Trabalho\prediction\.venv\Lib\site-packages\webull\core\http\initializer\token\token_manager.py", line 57, in init_token
    server_access_token = self.fetch_token_from_server(api_client, local_token)
  File "C:\Users\heela\OneDrive\Área de Trabalho\prediction\.venv\Lib\site-packages\webull\core\http\initializer\token\token_manager.py", line 113, in fetch_token_from_server
    create_access_token = self.create_token(token_operation, local_token)
  File "C:\Users\heela\OneDrive\Área de Trabalho\prediction\.venv\Lib\site-packages\webull\core\http\initializer\token\token_manager.py", line 142, in create_token
    logger.info("fetch_token_from_server create_token result. token:%s expires:%s status:%s" ,
Message: 'fetch_token_from_server create_token result. token:%s expires:%s status:%s'
Arguments: ('34bd00******d27ca4', 1784163631570, 'NORMAL')
3684 2026-06-30 23:14:47,718 webull.core.http.initializer.token.token_manager INFO fetch_token_from_server create_token status is verified, no further check required, returning directly. token:34bd00******d27ca4 expires:1784163631570 status:NORMAL
--- Logging error ---
Traceback (most recent call last):
  File "C:\Program Files\WindowsApps\PythonSoftwareFoundation.Python.3.13_3.13.3824.0_x64__qbz5n2kfra8p0\Lib\logging\handlers.py", line 80, in emit
    self.doRollover()
    ~~~~~~~~~~~~~~~^^
  File "C:\Program Files\WindowsApps\PythonSoftwareFoundation.Python.3.13_3.13.3824.0_x64__qbz5n2kfra8p0\Lib\logging\handlers.py", line 456, in doRollover
    self.rotate(self.baseFilename, dfn)
    ~~~~~~~~~~~^^^^^^^^^^^^^^^^^^^^^^^^
  File "C:\Program Files\WindowsApps\PythonSoftwareFoundation.Python.3.13_3.13.3824.0_x64__qbz5n2kfra8p0\Lib\logging\handlers.py", line 121, in rotate
    os.rename(source, dest)
    ~~~~~~~~~^^^^^^^^^^^^^^
PermissionError: [WinError 32] The process cannot access the file because it is being used by another process: 'C:\\Users\\heela\\OneDrive\\Área de Trabalho\\prediction\\BOT\\webull_data_sdk.log' -> 'C:\\Users\\heela\\OneDrive\\Área de Trabalho\\prediction\\BOT\\webull_data_sdk.log.2026-06-30_22'
Call stack:
  File "C:\Program Files\WindowsApps\PythonSoftwareFoundation.Python.3.13_3.13.3824.0_x64__qbz5n2kfra8p0\Lib\threading.py", line 1015, in _bootstrap
    self._bootstrap_inner()
  File "C:\Program Files\WindowsApps\PythonSoftwareFoundation.Python.3.13_3.13.3824.0_x64__qbz5n2kfra8p0\Lib\threading.py", line 1044, in _bootstrap_inner
    self.run()
  File "C:\Program Files\WindowsApps\PythonSoftwareFoundation.Python.3.13_3.13.3824.0_x64__qbz5n2kfra8p0\Lib\threading.py", line 995, in run
    self._target(*self._args, **self._kwargs)
  File "C:\Users\heela\OneDrive\Área de Trabalho\prediction\BOT\bot\api\server.py", line 131, in _scan_loop
    _latest["signals"] = scan_watchlist(_WATCH, bars_back=4, persist=False)
  File "C:\Users\heela\OneDrive\Área de Trabalho\prediction\BOT\bot\live.py", line 47, in scan_watchlist
    bars = get_bars(sym, "5m", period="5d", provider=provider)
  File "C:\Users\heela\OneDrive\Área de Trabalho\prediction\BOT\bot\market_data\providers.py", line 273, in get_bars
    df = fn(symbol, tf=tf, period=period) if name == "yahoo" else fn(symbol, tf=tf)
  File "C:\Users\heela\OneDrive\Área de Trabalho\prediction\BOT\bot\market_data\providers.py", line 146, in webull_bars
    dc = _webull_client()
  File "C:\Users\heela\OneDrive\Área de Trabalho\prediction\BOT\bot\market_data\providers.py", line 128, in _webull_client
    _WB_CLIENT.clear(); _WB_CLIENT[ck] = DataClient(client)  # one cached client (DataClient auths on init)
  File "C:\Users\heela\OneDrive\Área de Trabalho\prediction\.venv\Lib\site-packages\webull\data\data_client.py", line 35, in __init__
    ClientInitializer.initializer(api_client)
  File "C:\Users\heela\OneDrive\Área de Trabalho\prediction\.venv\Lib\site-packages\webull\core\http\initializer\client_initializer.py", line 52, in initializer
    ClientInitializer.init_token(api_client)
  File "C:\Users\heela\OneDrive\Área de Trabalho\prediction\.venv\Lib\site-packages\webull\core\http\initializer\client_initializer.py", line 61, in init_token
    token_manager.init_token(api_client)
  File "C:\Users\heela\OneDrive\Área de Trabalho\prediction\.venv\Lib\site-packages\webull\core\http\initializer\token\token_manager.py", line 57, in init_token
    server_access_token = self.fetch_token_from_server(api_client, local_token)
  File "C:\Users\heela\OneDrive\Área de Trabalho\prediction\.venv\Lib\site-packages\webull\core\http\initializer\token\token_manager.py", line 115, in fetch_token_from_server
    logger.info("fetch_token_from_server create_token status is verified, no further check required, returning directly. token:%s expires:%s status:%s",
Message: 'fetch_token_from_server create_token status is verified, no further check required, returning directly. token:%s expires:%s status:%s'
Arguments: ('34bd00******d27ca4', 1784163631570, 'NORMAL')
3684 2026-06-30 23:14:47,722 webull.core.http.initializer.token.token_manager INFO save_token_to_local writing token to local file. token:34bd00******d27ca4 expires:1784163631570 status:NORMAL
--- Logging error ---
Traceback (most recent call last):
  File "C:\Program Files\WindowsApps\PythonSoftwareFoundation.Python.3.13_3.13.3824.0_x64__qbz5n2kfra8p0\Lib\logging\handlers.py", line 80, in emit
    self.doRollover()
    ~~~~~~~~~~~~~~~^^
  File "C:\Program Files\WindowsApps\PythonSoftwareFoundation.Python.3.13_3.13.3824.0_x64__qbz5n2kfra8p0\Lib\logging\handlers.py", line 456, in doRollover
    self.rotate(self.baseFilename, dfn)
    ~~~~~~~~~~~^^^^^^^^^^^^^^^^^^^^^^^^
  File "C:\Program Files\WindowsApps\PythonSoftwareFoundation.Python.3.13_3.13.3824.0_x64__qbz5n2kfra8p0\Lib\logging\handlers.py", line 121, in rotate
    os.rename(source, dest)
    ~~~~~~~~~^^^^^^^^^^^^^^
PermissionError: [WinError 32] The process cannot access the file because it is being used by another process: 'C:\\Users\\heela\\OneDrive\\Área de Trabalho\\prediction\\BOT\\webull_data_sdk.log' -> 'C:\\Users\\heela\\OneDrive\\Área de Trabalho\\prediction\\BOT\\webull_data_sdk.log.2026-06-30_22'
Call stack:
  File "C:\Program Files\WindowsApps\PythonSoftwareFoundation.Python.3.13_3.13.3824.0_x64__qbz5n2kfra8p0\Lib\threading.py", line 1015, in _bootstrap
    self._bootstrap_inner()
  File "C:\Program Files\WindowsApps\PythonSoftwareFoundation.Python.3.13_3.13.3824.0_x64__qbz5n2kfra8p0\Lib\threading.py", line 1044, in _bootstrap_inner
    self.run()
  File "C:\Program Files\WindowsApps\PythonSoftwareFoundation.Python.3.13_3.13.3824.0_x64__qbz5n2kfra8p0\Lib\threading.py", line 995, in run
    self._target(*self._args, **self._kwargs)
  File "C:\Users\heela\OneDrive\Área de Trabalho\prediction\BOT\bot\api\server.py", line 131, in _scan_loop
    _latest["signals"] = scan_watchlist(_WATCH, bars_back=4, persist=False)
  File "C:\Users\heela\OneDrive\Área de Trabalho\prediction\BOT\bot\live.py", line 47, in scan_watchlist
    bars = get_bars(sym, "5m", period="5d", provider=provider)
  File "C:\Users\heela\OneDrive\Área de Trabalho\prediction\BOT\bot\market_data\providers.py", line 273, in get_bars
    df = fn(symbol, tf=tf, period=period) if name == "yahoo" else fn(symbol, tf=tf)
  File "C:\Users\heela\OneDrive\Área de Trabalho\prediction\BOT\bot\market_data\providers.py", line 146, in webull_bars
    dc = _webull_client()
  File "C:\Users\heela\OneDrive\Área de Trabalho\prediction\BOT\bot\market_data\providers.py", line 128, in _webull_client
    _WB_CLIENT.clear(); _WB_CLIENT[ck] = DataClient(client)  # one cached client (DataClient auths on init)
  File "C:\Users\heela\OneDrive\Área de Trabalho\prediction\.venv\Lib\site-packages\webull\data\data_client.py", line 35, in __init__
    ClientInitializer.initializer(api_client)
  File "C:\Users\heela\OneDrive\Área de Trabalho\prediction\.venv\Lib\site-packages\webull\core\http\initializer\client_initializer.py", line 52, in initializer
    ClientInitializer.init_token(api_client)
  File "C:\Users\heela\OneDrive\Área de Trabalho\prediction\.venv\Lib\site-packages\webull\core\http\initializer\client_initializer.py", line 61, in init_token
    token_manager.init_token(api_client)
  File "C:\Users\heela\OneDrive\Área de Trabalho\prediction\.venv\Lib\site-packages\webull\core\http\initializer\token\token_manager.py", line 58, in init_token
    self.save_token_to_local(server_access_token)
  File "C:\Users\heela\OneDrive\Área de Trabalho\prediction\.venv\Lib\site-packages\webull\core\http\initializer\token\token_manager.py", line 98, in save_token_to_local
    logger.info("save_token_to_local writing token to local file. token:%s expires:%s status:%s",
Message: 'save_token_to_local writing token to local file. token:%s expires:%s status:%s'
Arguments: ('34bd00******d27ca4', 1784163631570, 'NORMAL')
3684 2026-06-30 23:14:47,726 webull.core.http.initializer.token.token_manager INFO save_token_to_local writing token to file completed.
--- Logging error ---
Traceback (most recent call last):
  File "C:\Program Files\WindowsApps\PythonSoftwareFoundation.Python.3.13_3.13.3824.0_x64__qbz5n2kfra8p0\Lib\logging\handlers.py", line 80, in emit
    self.doRollover()
    ~~~~~~~~~~~~~~~^^
  File "C:\Program Files\WindowsApps\PythonSoftwareFoundation.Python.3.13_3.13.3824.0_x64__qbz5n2kfra8p0\Lib\logging\handlers.py", line 456, in doRollover
    self.rotate(self.baseFilename, dfn)
    ~~~~~~~~~~~^^^^^^^^^^^^^^^^^^^^^^^^
  File "C:\Program Files\WindowsApps\PythonSoftwareFoundation.Python.3.13_3.13.3824.0_x64__qbz5n2kfra8p0\Lib\logging\handlers.py", line 121, in rotate
    os.rename(source, dest)
    ~~~~~~~~~^^^^^^^^^^^^^^
PermissionError: [WinError 32] The process cannot access the file because it is being used by another process: 'C:\\Users\\heela\\OneDrive\\Área de Trabalho\\prediction\\BOT\\webull_data_sdk.log' -> 'C:\\Users\\heela\\OneDrive\\Área de Trabalho\\prediction\\BOT\\webull_data_sdk.log.2026-06-30_22'
Call stack:
  File "C:\Program Files\WindowsApps\PythonSoftwareFoundation.Python.3.13_3.13.3824.0_x64__qbz5n2kfra8p0\Lib\threading.py", line 1015, in _bootstrap
    self._bootstrap_inner()
  File "C:\Program Files\WindowsApps\PythonSoftwareFoundation.Python.3.13_3.13.3824.0_x64__qbz5n2kfra8p0\Lib\threading.py", line 1044, in _bootstrap_inner
    self.run()
  File "C:\Program Files\WindowsApps\PythonSoftwareFoundation.Python.3.13_3.13.3824.0_x64__qbz5n2kfra8p0\Lib\threading.py", line 995, in run
    self._target(*self._args, **self._kwargs)
  File "C:\Users\heela\OneDrive\Área de Trabalho\prediction\BOT\bot\api\server.py", line 131, in _scan_loop
    _latest["signals"] = scan_watchlist(_WATCH, bars_back=4, persist=False)
  File "C:\Users\heela\OneDrive\Área de Trabalho\prediction\BOT\bot\live.py", line 47, in scan_watchlist
    bars = get_bars(sym, "5m", period="5d", provider=provider)
  File "C:\Users\heela\OneDrive\Área de Trabalho\prediction\BOT\bot\market_data\providers.py", line 273, in get_bars
    df = fn(symbol, tf=tf, period=period) if name == "yahoo" else fn(symbol, tf=tf)
  File "C:\Users\heela\OneDrive\Área de Trabalho\prediction\BOT\bot\market_data\providers.py", line 146, in webull_bars
    dc = _webull_client()
  File "C:\Users\heela\OneDrive\Área de Trabalho\prediction\BOT\bot\market_data\providers.py", line 128, in _webull_client
    _WB_CLIENT.clear(); _WB_CLIENT[ck] = DataClient(client)  # one cached client (DataClient auths on init)
  File "C:\Users\heela\OneDrive\Área de Trabalho\prediction\.venv\Lib\site-packages\webull\data\data_client.py", line 35, in __init__
    ClientInitializer.initializer(api_client)
  File "C:\Users\heela\OneDrive\Área de Trabalho\prediction\.venv\Lib\site-packages\webull\core\http\initializer\client_initializer.py", line 52, in initializer
    ClientInitializer.init_token(api_client)
  File "C:\Users\heela\OneDrive\Área de Trabalho\prediction\.venv\Lib\site-packages\webull\core\http\initializer\client_initializer.py", line 61, in init_token
    token_manager.init_token(api_client)
  File "C:\Users\heela\OneDrive\Área de Trabalho\prediction\.venv\Lib\site-packages\webull\core\http\initializer\token\token_manager.py", line 58, in init_token
    self.save_token_to_local(server_access_token)
  File "C:\Users\heela\OneDrive\Área de Trabalho\prediction\.venv\Lib\site-packages\webull\core\http\initializer\token\token_manager.py", line 105, in save_token_to_local
    logger.info("save_token_to_local writing token to file completed.")
Message: 'save_token_to_local writing token to file completed.'
Arguments: ()
3684 2026-06-30 23:14:47,727 webull.core.http.initializer.token.token_manager INFO init_token finished. token:34bd00******d27ca4 expires:1784163631570 status:NORMAL
--- Logging error ---
Traceback (most recent call last):
  File "C:\Program Files\WindowsApps\PythonSoftwareFoundation.Python.3.13_3.13.3824.0_x64__qbz5n2kfra8p0\Lib\logging\handlers.py", line 80, in emit
    self.doRollover()
    ~~~~~~~~~~~~~~~^^
  File "C:\Program Files\WindowsApps\PythonSoftwareFoundation.Python.3.13_3.13.3824.0_x64__qbz5n2kfra8p0\Lib\logging\handlers.py", line 456, in doRollover
    self.rotate(self.baseFilename, dfn)
    ~~~~~~~~~~~^^^^^^^^^^^^^^^^^^^^^^^^
  File "C:\Program Files\WindowsApps\PythonSoftwareFoundation.Python.3.13_3.13.3824.0_x64__qbz5n2kfra8p0\Lib\logging\handlers.py", line 121, in rotate
    os.rename(source, dest)
    ~~~~~~~~~^^^^^^^^^^^^^^
PermissionError: [WinError 32] The process cannot access the file because it is being used by another process: 'C:\\Users\\heela\\OneDrive\\Área de Trabalho\\prediction\\BOT\\webull_data_sdk.log' -> 'C:\\Users\\heela\\OneDrive\\Área de Trabalho\\prediction\\BOT\\webull_data_sdk.log.2026-06-30_22'
Call stack:
  File "C:\Program Files\WindowsApps\PythonSoftwareFoundation.Python.3.13_3.13.3824.0_x64__qbz5n2kfra8p0\Lib\threading.py", line 1015, in _bootstrap
    self._bootstrap_inner()
  File "C:\Program Files\WindowsApps\PythonSoftwareFoundation.Python.3.13_3.13.3824.0_x64__qbz5n2kfra8p0\Lib\threading.py", line 1044, in _bootstrap_inner
    self.run()
  File "C:\Program Files\WindowsApps\PythonSoftwareFoundation.Python.3.13_3.13.3824.0_x64__qbz5n2kfra8p0\Lib\threading.py", line 995, in run
    self._target(*self._args, **self._kwargs)
  File "C:\Users\heela\OneDrive\Área de Trabalho\prediction\BOT\bot\api\server.py", line 131, in _scan_loop
    _latest["signals"] = scan_watchlist(_WATCH, bars_back=4, persist=False)
  File "C:\Users\heela\OneDrive\Área de Trabalho\prediction\BOT\bot\live.py", line 47, in scan_watchlist
    bars = get_bars(sym, "5m", period="5d", provider=provider)
  File "C:\Users\heela\OneDrive\Área de Trabalho\prediction\BOT\bot\market_data\providers.py", line 273, in get_bars
    df = fn(symbol, tf=tf, period=period) if name == "yahoo" else fn(symbol, tf=tf)
  File "C:\Users\heela\OneDrive\Área de Trabalho\prediction\BOT\bot\market_data\providers.py", line 146, in webull_bars
    dc = _webull_client()
  File "C:\Users\heela\OneDrive\Área de Trabalho\prediction\BOT\bot\market_data\providers.py", line 128, in _webull_client
    _WB_CLIENT.clear(); _WB_CLIENT[ck] = DataClient(client)  # one cached client (DataClient auths on init)
  File "C:\Users\heela\OneDrive\Área de Trabalho\prediction\.venv\Lib\site-packages\webull\data\data_client.py", line 35, in __init__
    ClientInitializer.initializer(api_client)
  File "C:\Users\heela\OneDrive\Área de Trabalho\prediction\.venv\Lib\site-packages\webull\core\http\initializer\client_initializer.py", line 52, in initializer
    ClientInitializer.init_token(api_client)
  File "C:\Users\heela\OneDrive\Área de Trabalho\prediction\.venv\Lib\site-packages\webull\core\http\initializer\client_initializer.py", line 61, in init_token
    token_manager.init_token(api_client)
  File "C:\Users\heela\OneDrive\Área de Trabalho\prediction\.venv\Lib\site-packages\webull\core\http\initializer\token\token_manager.py", line 66, in init_token
    logger.info("init_token finished. token:%s expires:%s status:%s",
Message: 'init_token finished. token:%s expires:%s status:%s'
Arguments: ('34bd00******d27ca4', 1784163631570, 'NORMAL')
3684 2026-06-30 23:14:50,255 webull.core.client ERROR ServerException occurred. Host:api.webull.com SDK-Version:2.0.12 Request:{
  "_version": "v2",
  "_action_name": "/openapi/market-data/futures/bars",
  "_protocol_type": "https",
  "_accept_format": "JSON",
  "_params": {
    "symbols": "NQmain",
    "category": "US_FUTURES",
    "timespan": "M5",
    "count": 800
  },
  "_method": "GET",
  "_header": {
    "x-version": "v2",
    "Accept-Encoding": "gzip",
    "x-app-key": "0661865629f7d2e7f06a6ab332b12de3",
    "x-timestamp": "2026-07-01T03:14:49Z",
    "x-signature-version": "1.0",
    "x-signature-algorithm": "HMAC-SHA1",
    "x-signature-nonce": "74219173-b5c7-5d3c-b69b-8838f86f0b79",
    "x-signature": "LyIsv83wn6wajF6sriMAMZQTQXo=",
    "User-Agent": "WebullApiSDK (Windows 11;AMD64) Python/3.13.14 Core/2.0.12 python-requests/2.34.2",
    "x-access-token": "34bd0085401549358574c7e9e9d27ca4",
    "x-webull-client-source": "sdk"
  },
  "_body_params": null,
  "_uri_pattern": null,
  "_uri_params": null,
  "_content": null,
  "_extra_user_agent": {},
  "string_to_sign": "",
  "_request_connect_timeout": null,
  "_request_read_timeout": null,
  "endpoint": "api.webull.com",
  "_signer_spec": "<module 'webull.core.auth.algorithm.sha_hmac1' from 'C:\\\\Users\\\\heela\\\\OneDrive\\\\\u00c1rea de Trabalho\\\\prediction\\\\.venv\\\\Lib\\\\site-packages\\\\webull\\\\core\\\\auth\\\\algorithm\\\\sha_hmac1.py'>"
} Response:{'error_code': 'Unauthorized', 'message': 'Insufficient permission, please subscribe to US_FUTURES quotes.', 'status': 401} ServerException:HTTP Status: 401, Code: Unauthorized, Msg: Insufficient permission, please subscribe to US_FUTURES quotes., RequestID: c6635b49-d921-41d8-8a68-ef83f279e329
--- Logging error ---
Traceback (most recent call last):
  File "C:\Program Files\WindowsApps\PythonSoftwareFoundation.Python.3.13_3.13.3824.0_x64__qbz5n2kfra8p0\Lib\logging\handlers.py", line 80, in emit
    self.doRollover()
    ~~~~~~~~~~~~~~~^^
  File "C:\Program Files\WindowsApps\PythonSoftwareFoundation.Python.3.13_3.13.3824.0_x64__qbz5n2kfra8p0\Lib\logging\handlers.py", line 456, in doRollover
    self.rotate(self.baseFilename, dfn)
    ~~~~~~~~~~~^^^^^^^^^^^^^^^^^^^^^^^^
  File "C:\Program Files\WindowsApps\PythonSoftwareFoundation.Python.3.13_3.13.3824.0_x64__qbz5n2kfra8p0\Lib\logging\handlers.py", line 121, in rotate
    os.rename(source, dest)
    ~~~~~~~~~^^^^^^^^^^^^^^
PermissionError: [WinError 32] The process cannot access the file because it is being used by another process: 'C:\\Users\\heela\\OneDrive\\Área de Trabalho\\prediction\\BOT\\webull_data_sdk.log' -> 'C:\\Users\\heela\\OneDrive\\Área de Trabalho\\prediction\\BOT\\webull_data_sdk.log.2026-06-30_22'
Call stack:
  File "C:\Program Files\WindowsApps\PythonSoftwareFoundation.Python.3.13_3.13.3824.0_x64__qbz5n2kfra8p0\Lib\threading.py", line 1015, in _bootstrap
    self._bootstrap_inner()
  File "C:\Program Files\WindowsApps\PythonSoftwareFoundation.Python.3.13_3.13.3824.0_x64__qbz5n2kfra8p0\Lib\threading.py", line 1044, in _bootstrap_inner
    self.run()
  File "C:\Program Files\WindowsApps\PythonSoftwareFoundation.Python.3.13_3.13.3824.0_x64__qbz5n2kfra8p0\Lib\threading.py", line 995, in run
    self._target(*self._args, **self._kwargs)
  File "C:\Users\heela\OneDrive\Área de Trabalho\prediction\BOT\bot\api\server.py", line 131, in _scan_loop
    _latest["signals"] = scan_watchlist(_WATCH, bars_back=4, persist=False)
  File "C:\Users\heela\OneDrive\Área de Trabalho\prediction\BOT\bot\live.py", line 47, in scan_watchlist
    bars = get_bars(sym, "5m", period="5d", provider=provider)
  File "C:\Users\heela\OneDrive\Área de Trabalho\prediction\BOT\bot\market_data\providers.py", line 273, in get_bars
    df = fn(symbol, tf=tf, period=period) if name == "yahoo" else fn(symbol, tf=tf)
  File "C:\Users\heela\OneDrive\Área de Trabalho\prediction\BOT\bot\market_data\providers.py", line 150, in webull_bars
    res = dc.futures_market_data.get_futures_history_bars(_WB_FUT[sym], Category.US_FUTURES.name, span, count)
  File "C:\Users\heela\OneDrive\Área de Trabalho\prediction\.venv\Lib\site-packages\webull\data\quotes\futures_market_data.py", line 42, in get_futures_history_bars
    response = self.client.get_response(history_bar_request)
  File "C:\Users\heela\OneDrive\Área de Trabalho\prediction\.venv\Lib\site-packages\webull\core\client.py", line 425, in get_response
    status, headers, body, exception, response = self._implementation_of_do_action(api_request)
  File "C:\Users\heela\OneDrive\Área de Trabalho\prediction\.venv\Lib\site-packages\webull\core\client.py", line 299, in _implementation_of_do_action
    return self._handle_retry_and_timeout(endpoint, request, signer)
  File "C:\Users\heela\OneDrive\Área de Trabalho\prediction\.venv\Lib\site-packages\webull\core\client.py", line 308, in _handle_retry_and_timeout
    self._handle_single_request(endpoint, request, request_read_timeout, request_connect_timeout, signer)
  File "C:\Users\heela\OneDrive\Área de Trabalho\prediction\.venv\Lib\site-packages\webull\core\client.py", line 333, in _handle_single_request
    exception = self._get_server_exception(request, status, headers, body, endpoint, request.string_to_sign)
  File "C:\Users\heela\OneDrive\Área de Trabalho\prediction\.venv\Lib\site-packages\webull\core\client.py", line 362, in _get_server_exception
    logger.error(compat.ensure_string(msg))
Message: 'ServerException occurred. Host:api.webull.com SDK-Version:2.0.12 Request:{\n  "_version": "v2",\n  "_action_name": "/openapi/market-data/futures/bars",\n  "_protocol_type": "https",\n  "_accept_format": "JSON",\n  "_params": {\n    "symbols": "NQmain",\n    "category": "US_FUTURES",\n    "timespan": "M5",\n    "count": 800\n  },\n  "_method": "GET",\n  "_header": {\n    "x-version": "v2",\n    "Accept-Encoding": "gzip",\n    "x-app-key": "0661865629f7d2e7f06a6ab332b12de3",\n    "x-timestamp": "2026-07-01T03:14:49Z",\n    "x-signature-version": "1.0",\n    "x-signature-algorithm": "HMAC-SHA1",\n    "x-signature-nonce": "74219173-b5c7-5d3c-b69b-8838f86f0b79",\n    "x-signature": "LyIsv83wn6wajF6sriMAMZQTQXo=",\n    "User-Agent": "WebullApiSDK (Windows 11;AMD64) Python/3.13.14 Core/2.0.12 python-requests/2.34.2",\n    "x-access-token": "34bd0085401549358574c7e9e9d27ca4",\n    "x-webull-client-source": "sdk"\n  },\n  "_body_params": null,\n  "_uri_pattern": null,\n  "_uri_params": null,\n  "_content": null,\n  "_extra_user_agent": {},\n  "string_to_sign": "",\n  "_request_connect_timeout": null,\n  "_request_read_timeout": null,\n  "endpoint": "api.webull.com",\n  "_signer_spec": "<module \'webull.core.auth.algorithm.sha_hmac1\' from \'C:\\\\\\\\Users\\\\\\\\heela\\\\\\\\OneDrive\\\\\\\\\\u00c1rea de Trabalho\\\\\\\\prediction\\\\\\\\.venv\\\\\\\\Lib\\\\\\\\site-packages\\\\\\\\webull\\\\\\\\core\\\\\\\\auth\\\\\\\\algorithm\\\\\\\\sha_hmac1.py\'>"\n} Response:{\'error_code\': \'Unauthorized\', \'message\': \'Insufficient permission, please subscribe to US_FUTURES quotes.\', \'status\': 401} ServerException:HTTP Status: 401, Code: Unauthorized, Msg: Insufficient permission, please subscribe to US_FUTURES quotes., RequestID: c6635b49-d921-41d8-8a68-ef83f279e329'
Arguments: ()
3684 2026-06-30 23:14:50,292 webull.core.client ERROR get_response exception. {
  "error_code": "Unauthorized",
  "error_msg": "Insufficient permission, please subscribe to US_FUTURES quotes.",
  "http_status": 401,
  "request_id": "c6635b49-d921-41d8-8a68-ef83f279e329"
}
--- Logging error ---
Traceback (most recent call last):
  File "C:\Program Files\WindowsApps\PythonSoftwareFoundation.Python.3.13_3.13.3824.0_x64__qbz5n2kfra8p0\Lib\logging\handlers.py", line 80, in emit
    self.doRollover()
    ~~~~~~~~~~~~~~~^^
  File "C:\Program Files\WindowsApps\PythonSoftwareFoundation.Python.3.13_3.13.3824.0_x64__qbz5n2kfra8p0\Lib\logging\handlers.py", line 456, in doRollover
    self.rotate(self.baseFilename, dfn)
    ~~~~~~~~~~~^^^^^^^^^^^^^^^^^^^^^^^^
  File "C:\Program Files\WindowsApps\PythonSoftwareFoundation.Python.3.13_3.13.3824.0_x64__qbz5n2kfra8p0\Lib\logging\handlers.py", line 121, in rotate
    os.rename(source, dest)
    ~~~~~~~~~^^^^^^^^^^^^^^
PermissionError: [WinError 32] The process cannot access the file because it is being used by another process: 'C:\\Users\\heela\\OneDrive\\Área de Trabalho\\prediction\\BOT\\webull_data_sdk.log' -> 'C:\\Users\\heela\\OneDrive\\Área de Trabalho\\prediction\\BOT\\webull_data_sdk.log.2026-06-30_22'
Call stack:
  File "C:\Program Files\WindowsApps\PythonSoftwareFoundation.Python.3.13_3.13.3824.0_x64__qbz5n2kfra8p0\Lib\threading.py", line 1015, in _bootstrap
    self._bootstrap_inner()
  File "C:\Program Files\WindowsApps\PythonSoftwareFoundation.Python.3.13_3.13.3824.0_x64__qbz5n2kfra8p0\Lib\threading.py", line 1044, in _bootstrap_inner
    self.run()
  File "C:\Program Files\WindowsApps\PythonSoftwareFoundation.Python.3.13_3.13.3824.0_x64__qbz5n2kfra8p0\Lib\threading.py", line 995, in run
    self._target(*self._args, **self._kwargs)
  File "C:\Users\heela\OneDrive\Área de Trabalho\prediction\BOT\bot\api\server.py", line 131, in _scan_loop
    _latest["signals"] = scan_watchlist(_WATCH, bars_back=4, persist=False)
  File "C:\Users\heela\OneDrive\Área de Trabalho\prediction\BOT\bot\live.py", line 47, in scan_watchlist
    bars = get_bars(sym, "5m", period="5d", provider=provider)
  File "C:\Users\heela\OneDrive\Área de Trabalho\prediction\BOT\bot\market_data\providers.py", line 273, in get_bars
    df = fn(symbol, tf=tf, period=period) if name == "yahoo" else fn(symbol, tf=tf)
  File "C:\Users\heela\OneDrive\Área de Trabalho\prediction\BOT\bot\market_data\providers.py", line 150, in webull_bars
    res = dc.futures_market_data.get_futures_history_bars(_WB_FUT[sym], Category.US_FUTURES.name, span, count)
  File "C:\Users\heela\OneDrive\Área de Trabalho\prediction\.venv\Lib\site-packages\webull\data\quotes\futures_market_data.py", line 42, in get_futures_history_bars
    response = self.client.get_response(history_bar_request)
  File "C:\Users\heela\OneDrive\Área de Trabalho\prediction\.venv\Lib\site-packages\webull\core\client.py", line 427, in get_response
    logger.error("get_response exception. %s", json.dumps(vars(exception), default=str, indent=2))
Message: 'get_response exception. %s'
Arguments: ('{\n  "error_code": "Unauthorized",\n  "error_msg": "Insufficient permission, please subscribe to US_FUTURES quotes.",\n  "http_status": 401,\n  "request_id": "c6635b49-d921-41d8-8a68-ef83f279e329"\n}',)
