--- Logging error ---
$QQQ: possibly delisted; no price data found  (period=2d)
$^VIX: possibly delisted; no price data found  (period=2d)
$SPY: possibly delisted; no price data found  (period=2d)
$IWM: possibly delisted; no price data found  (period=2d)
$DIA: possibly delisted; no price data found  (period=2d)

5 Failed downloads:
['QQQ', '^VIX', 'SPY', 'IWM', 'DIA']: possibly delisted; no price data found  (period=2d)
Traceback (most recent call last):
  File "C:\Users\heela\OneDrive\Área de Trabalho\prediction\.venv\Lib\site-packages\urllib3\connection.py", line 204, in _new_conn
    sock = connection.create_connection(
        (self._dns_host, self.port),
    ...<2 lines>...
        socket_options=self.socket_options,
    )
  File "C:\Users\heela\OneDrive\Área de Trabalho\prediction\.venv\Lib\site-packages\urllib3\util\connection.py", line 60, in create_connection
    for res in socket.getaddrinfo(host, port, family, socket.SOCK_STREAM):
               ~~~~~~~~~~~~~~~~~~^^^^^^^^^^^^^^^^^^^^^^^^^^^^^^^^^^^^^^^^
  File "C:\Program Files\WindowsApps\PythonSoftwareFoundation.Python.3.13_3.13.3824.0_x64__qbz5n2kfra8p0\Lib\socket.py", line 981, in getaddrinfo
    for res in _socket.getaddrinfo(host, port, family, type, proto, flags):
               ~~~~~~~~~~~~~~~~~~~^^^^^^^^^^^^^^^^^^^^^^^^^^^^^^^^^^^^^^^^
socket.gaierror: [Errno 11001] getaddrinfo failed

The above exception was the direct cause of the following exception:

Traceback (most recent call last):
  File "C:\Users\heela\OneDrive\Área de Trabalho\prediction\.venv\Lib\site-packages\urllib3\connectionpool.py", line 788, in urlopen
    response = self._make_request(
        conn,
    ...<10 lines>...
        **response_kw,
    )
  File "C:\Users\heela\OneDrive\Área de Trabalho\prediction\.venv\Lib\site-packages\urllib3\connectionpool.py", line 488, in _make_request
    raise new_e
  File "C:\Users\heela\OneDrive\Área de Trabalho\prediction\.venv\Lib\site-packages\urllib3\connectionpool.py", line 464, in _make_request
    self._validate_conn(conn)
    ~~~~~~~~~~~~~~~~~~~^^^^^^
  File "C:\Users\heela\OneDrive\Área de Trabalho\prediction\.venv\Lib\site-packages\urllib3\connectionpool.py", line 1106, in _validate_conn
    conn.connect()
    ~~~~~~~~~~~~^^
  File "C:\Users\heela\OneDrive\Área de Trabalho\prediction\.venv\Lib\site-packages\urllib3\connection.py", line 759, in connect
    self.sock = sock = self._new_conn()
                       ~~~~~~~~~~~~~~^^
  File "C:\Users\heela\OneDrive\Área de Trabalho\prediction\.venv\Lib\site-packages\urllib3\connection.py", line 211, in _new_conn
    raise NameResolutionError(self.host, self, e) from e
urllib3.exceptions.NameResolutionError: HTTPSConnection(host='api.webull.com', port=443): Failed to resolve 'api.webull.com' ([Errno 11001] getaddrinfo failed)

The above exception was the direct cause of the following exception:

Traceback (most recent call last):
  File "C:\Users\heela\OneDrive\Área de Trabalho\prediction\.venv\Lib\site-packages\requests\adapters.py", line 696, in send
    resp = conn.urlopen(
        method=request.method,
    ...<9 lines>...
        chunked=chunked,
    )
  File "C:\Users\heela\OneDrive\Área de Trabalho\prediction\.venv\Lib\site-packages\urllib3\connectionpool.py", line 842, in urlopen
    retries = retries.increment(
        method, url, error=new_e, _pool=self, _stacktrace=sys.exc_info()[2]
    )
  File "C:\Users\heela\OneDrive\Área de Trabalho\prediction\.venv\Lib\site-packages\urllib3\util\retry.py", line 543, in increment
    raise MaxRetryError(_pool, url, reason) from reason  # type: ignore[arg-type]
    ^^^^^^^^^^^^^^^^^^^^^^^^^^^^^^^^^^^^^^^^^^^^^^^^^^^
urllib3.exceptions.MaxRetryError: HTTPSConnectionPool(host='api.webull.com', port=443): Max retries exceeded with url: /openapi/market-data/stock/bars?symbol=SPY&category=US_ETF&timespan=M5&count=200 (Caused by NameResolutionError("HTTPSConnection(host='api.webull.com', port=443): Failed to resolve 'api.webull.com' ([Errno 11001] getaddrinfo failed)"))

During handling of the above exception, another exception occurred:

Traceback (most recent call last):
  File "C:\Users\heela\OneDrive\Área de Trabalho\prediction\.venv\Lib\site-packages\webull\core\client.py", line 326, in _handle_single_request
    status, headers, body, response = http_response.get_response_object()
                                      ~~~~~~~~~~~~~~~~~~~~~~~~~~~~~~~~~^^
  File "C:\Users\heela\OneDrive\Área de Trabalho\prediction\.venv\Lib\site-packages\webull\core\http\response.py", line 156, in get_response_object
    response = s.send(prepped, proxies=proxies,
                      timeout=(self.__connect_timeout, self.__read_timeout),
                      allow_redirects=False, verify=self.get_verify_value(), cert=None)
  File "C:\Users\heela\OneDrive\Área de Trabalho\prediction\.venv\Lib\site-packages\requests\sessions.py", line 784, in send
    r = adapter.send(request, **kwargs)
  File "C:\Users\heela\OneDrive\Área de Trabalho\prediction\.venv\Lib\site-packages\requests\adapters.py", line 729, in send
    raise ConnectionError(e, request=request)
requests.exceptions.ConnectionError: HTTPSConnectionPool(host='api.webull.com', port=443): Max retries exceeded with url: /openapi/market-data/stock/bars?symbol=SPY&category=US_ETF&timespan=M5&count=200 (Caused by NameResolutionError("HTTPSConnection(host='api.webull.com', port=443): Failed to resolve 'api.webull.com' ([Errno 11001] getaddrinfo failed)"))

During handling of the above exception, another exception occurred:

Traceback (most recent call last):
  File "C:\Program Files\WindowsApps\PythonSoftwareFoundation.Python.3.13_3.13.3824.0_x64__qbz5n2kfra8p0\Lib\logging\handlers.py", line 80, in emit
    self.doRollover()
    ~~~~~~~~~~~~~~~^^
  File "C:\Program Files\WindowsApps\PythonSoftwareFoundation.Python.3.13_3.13.3824.0_x64__qbz5n2kfra8p0\Lib\logging\handlers.py", line 456, in doRollover
    self.rotate(self.baseFilename, dfn)
    ~~~~~~~~~~~^^^^^^^^^^^^^^^^^^^^^^^^
  File "C:\Program Files\WindowsApps\PythonSoftwareFoundation.Python.3.13_3.13.3824.0_x64__qbz5n2kfra8p0\Lib\logging\handlers.py", line 121, in rotate
    os.rename(source, dest)
    ~~~~~~~~~^^^^^^^^^^^^^^
PermissionError: [WinError 32] The process cannot access the file because it is being used by another process: 'C:\\Users\\heela\\OneDrive\\Área de Trabalho\\prediction\\BOT\\webull_data_sdk.log' -> 'C:\\Users\\heela\\OneDrive\\Área de Trabalho\\prediction\\BOT\\webull_data_sdk.log.2026-07-01_19'
Call stack:
  File "C:\Program Files\WindowsApps\PythonSoftwareFoundation.Python.3.13_3.13.3824.0_x64__qbz5n2kfra8p0\Lib\threading.py", line 1015, in _bootstrap
    self._bootstrap_inner()
  File "C:\Program Files\WindowsApps\PythonSoftwareFoundation.Python.3.13_3.13.3824.0_x64__qbz5n2kfra8p0\Lib\threading.py", line 1044, in _bootstrap_inner
    self.run()
  File "C:\Program Files\WindowsApps\PythonSoftwareFoundation.Python.3.13_3.13.3824.0_x64__qbz5n2kfra8p0\Lib\threading.py", line 995, in run
    self._target(*self._args, **self._kwargs)
  File "C:\Program Files\WindowsApps\PythonSoftwareFoundation.Python.3.13_3.13.3824.0_x64__qbz5n2kfra8p0\Lib\concurrent\futures\thread.py", line 93, in _worker
    work_item.run()
  File "C:\Program Files\WindowsApps\PythonSoftwareFoundation.Python.3.13_3.13.3824.0_x64__qbz5n2kfra8p0\Lib\concurrent\futures\thread.py", line 59, in run
    result = self.fn(*self.args, **self.kwargs)
  File "C:\Users\heela\OneDrive\Área de Trabalho\prediction\BOT\bot\api\server.py", line 719, in <lambda>
    b = await loop.run_in_executor(None, lambda: get_bars(sym, "5m", "1d"))
  File "C:\Users\heela\OneDrive\Área de Trabalho\prediction\BOT\bot\market_data\providers.py", line 273, in get_bars
    df = fn(symbol, tf=tf, period=period) if name == "yahoo" else fn(symbol, tf=tf)
  File "C:\Users\heela\OneDrive\Área de Trabalho\prediction\BOT\bot\market_data\providers.py", line 157, in webull_bars
    res = dc.market_data.get_history_bar(sym, cat, span)
  File "C:\Users\heela\OneDrive\Área de Trabalho\prediction\.venv\Lib\site-packages\webull\data\quotes\market_data.py", line 56, in get_history_bar
    response = self.client.get_response(history_bar_request)
  File "C:\Users\heela\OneDrive\Área de Trabalho\prediction\.venv\Lib\site-packages\webull\core\client.py", line 425, in get_response
    status, headers, body, exception, response = self._implementation_of_do_action(api_request)
  File "C:\Users\heela\OneDrive\Área de Trabalho\prediction\.venv\Lib\site-packages\webull\core\client.py", line 299, in _implementation_of_do_action
    return self._handle_retry_and_timeout(endpoint, request, signer)
  File "C:\Users\heela\OneDrive\Área de Trabalho\prediction\.venv\Lib\site-packages\webull\core\client.py", line 308, in _handle_retry_and_timeout
    self._handle_single_request(endpoint, request, request_read_timeout, request_connect_timeout, signer)
  File "C:\Users\heela\OneDrive\Área de Trabalho\prediction\.venv\Lib\site-packages\webull\core\client.py", line 331, in _handle_single_request
    logger.error(compat.ensure_string(msg))
Message: 'HttpError occurred. Host:api.webull.com SDK-Version:2.0.12 Request:{\n  "_version": "v2",\n  "_action_name": "/openapi/market-data/stock/bars",\n  "_protocol_type": "https",\n  "_accept_format": "JSON",\n  "_params": {\n    "symbol": "SPY",\n    "category": "US_ETF",\n    "timespan": "M5",\n    "count": "200"\n  },\n  "_method": "GET",\n  "_header": {\n    "x-version": "v2",\n    "Accept-Encoding": "gzip",\n    "x-app-key": "0661865629f7d2e7f06a6ab332b12de3",\n    "x-timestamp": "2026-07-02T17:27:23Z",\n    "x-signature-version": "1.0",\n    "x-signature-algorithm": "HMAC-SHA1",\n    "x-signature-nonce": "217d9a8b-99fb-5143-bcdd-01cc64d486de",\n    "x-signature": "jhFSKLMU52Hfqe7GHQuTp6Lb0wo=",\n    "User-Agent": "WebullApiSDK (Windows 11;AMD64) Python/3.13.14 Core/2.0.12 python-requests/2.34.2",\n    "x-access-token": "34bd0085401549358574c7e9e9d27ca4",\n    "x-webull-client-source": "sdk"\n  },\n  "_body_params": null,\n  "_uri_pattern": null,\n  "_uri_params": null,\n  "_content": null,\n  "_extra_user_agent": {},\n  "string_to_sign": "",\n  "_request_connect_timeout": null,\n  "_request_read_timeout": null,\n  "endpoint": "api.webull.com",\n  "_signer_spec": "<module \'webull.core.auth.algorithm.sha_hmac1\' from \'C:\\\\\\\\Users\\\\\\\\heela\\\\\\\\OneDrive\\\\\\\\\\u00c1rea de Trabalho\\\\\\\\prediction\\\\\\\\.venv\\\\\\\\Lib\\\\\\\\site-packages\\\\\\\\webull\\\\\\\\core\\\\\\\\auth\\\\\\\\algorithm\\\\\\\\sha_hmac1.py\'>"\n} ClientException:SDK.HttpError HTTPSConnectionPool(host=\'api.webull.com\', port=443): Max retries exceeded with url: /openapi/market-data/stock/bars?symbol=SPY&category=US_ETF&timespan=M5&count=200 (Caused by NameResolutionError("HTTPSConnection(host=\'api.webull.com\', port=443): Failed to resolve \'api.webull.com\' ([Errno 11001] getaddrinfo failed)"))'
Arguments: ()
--- Logging error ---
Traceback (most recent call last):
  File "C:\Users\heela\OneDrive\Área de Trabalho\prediction\.venv\Lib\site-packages\urllib3\connection.py", line 204, in _new_conn
    sock = connection.create_connection(
        (self._dns_host, self.port),
    ...<2 lines>...
        socket_options=self.socket_options,
    )
  File "C:\Users\heela\OneDrive\Área de Trabalho\prediction\.venv\Lib\site-packages\urllib3\util\connection.py", line 60, in create_connection
    for res in socket.getaddrinfo(host, port, family, socket.SOCK_STREAM):
               ~~~~~~~~~~~~~~~~~~^^^^^^^^^^^^^^^^^^^^^^^^^^^^^^^^^^^^^^^^
  File "C:\Program Files\WindowsApps\PythonSoftwareFoundation.Python.3.13_3.13.3824.0_x64__qbz5n2kfra8p0\Lib\socket.py", line 981, in getaddrinfo
    for res in _socket.getaddrinfo(host, port, family, type, proto, flags):
               ~~~~~~~~~~~~~~~~~~~^^^^^^^^^^^^^^^^^^^^^^^^^^^^^^^^^^^^^^^^
socket.gaierror: [Errno 11001] getaddrinfo failed

The above exception was the direct cause of the following exception:

Traceback (most recent call last):
  File "C:\Users\heela\OneDrive\Área de Trabalho\prediction\.venv\Lib\site-packages\urllib3\connectionpool.py", line 788, in urlopen
    response = self._make_request(
        conn,
    ...<10 lines>...
        **response_kw,
    )
  File "C:\Users\heela\OneDrive\Área de Trabalho\prediction\.venv\Lib\site-packages\urllib3\connectionpool.py", line 488, in _make_request
    raise new_e
  File "C:\Users\heela\OneDrive\Área de Trabalho\prediction\.venv\Lib\site-packages\urllib3\connectionpool.py", line 464, in _make_request
    self._validate_conn(conn)
    ~~~~~~~~~~~~~~~~~~~^^^^^^
  File "C:\Users\heela\OneDrive\Área de Trabalho\prediction\.venv\Lib\site-packages\urllib3\connectionpool.py", line 1106, in _validate_conn
    conn.connect()
    ~~~~~~~~~~~~^^
  File "C:\Users\heela\OneDrive\Área de Trabalho\prediction\.venv\Lib\site-packages\urllib3\connection.py", line 759, in connect
    self.sock = sock = self._new_conn()
                       ~~~~~~~~~~~~~~^^
  File "C:\Users\heela\OneDrive\Área de Trabalho\prediction\.venv\Lib\site-packages\urllib3\connection.py", line 211, in _new_conn
    raise NameResolutionError(self.host, self, e) from e
urllib3.exceptions.NameResolutionError: HTTPSConnection(host='api.webull.com', port=443): Failed to resolve 'api.webull.com' ([Errno 11001] getaddrinfo failed)

The above exception was the direct cause of the following exception:

Traceback (most recent call last):
  File "C:\Users\heela\OneDrive\Área de Trabalho\prediction\.venv\Lib\site-packages\requests\adapters.py", line 696, in send
    resp = conn.urlopen(
        method=request.method,
    ...<9 lines>...
        chunked=chunked,
    )
  File "C:\Users\heela\OneDrive\Área de Trabalho\prediction\.venv\Lib\site-packages\urllib3\connectionpool.py", line 842, in urlopen
    retries = retries.increment(
        method, url, error=new_e, _pool=self, _stacktrace=sys.exc_info()[2]
    )
  File "C:\Users\heela\OneDrive\Área de Trabalho\prediction\.venv\Lib\site-packages\urllib3\util\retry.py", line 543, in increment
    raise MaxRetryError(_pool, url, reason) from reason  # type: ignore[arg-type]
    ^^^^^^^^^^^^^^^^^^^^^^^^^^^^^^^^^^^^^^^^^^^^^^^^^^^
urllib3.exceptions.MaxRetryError: HTTPSConnectionPool(host='api.webull.com', port=443): Max retries exceeded with url: /openapi/market-data/stock/bars?symbol=SPY&category=US_ETF&timespan=M5&count=200 (Caused by NameResolutionError("HTTPSConnection(host='api.webull.com', port=443): Failed to resolve 'api.webull.com' ([Errno 11001] getaddrinfo failed)"))

During handling of the above exception, another exception occurred:

Traceback (most recent call last):
  File "C:\Users\heela\OneDrive\Área de Trabalho\prediction\.venv\Lib\site-packages\webull\core\client.py", line 326, in _handle_single_request
    status, headers, body, response = http_response.get_response_object()
                                      ~~~~~~~~~~~~~~~~~~~~~~~~~~~~~~~~~^^
  File "C:\Users\heela\OneDrive\Área de Trabalho\prediction\.venv\Lib\site-packages\webull\core\http\response.py", line 156, in get_response_object
    response = s.send(prepped, proxies=proxies,
                      timeout=(self.__connect_timeout, self.__read_timeout),
                      allow_redirects=False, verify=self.get_verify_value(), cert=None)
  File "C:\Users\heela\OneDrive\Área de Trabalho\prediction\.venv\Lib\site-packages\requests\sessions.py", line 784, in send
    r = adapter.send(request, **kwargs)
  File "C:\Users\heela\OneDrive\Área de Trabalho\prediction\.venv\Lib\site-packages\requests\adapters.py", line 729, in send
    raise ConnectionError(e, request=request)
requests.exceptions.ConnectionError: HTTPSConnectionPool(host='api.webull.com', port=443): Max retries exceeded with url: /openapi/market-data/stock/bars?symbol=SPY&category=US_ETF&timespan=M5&count=200 (Caused by NameResolutionError("HTTPSConnection(host='api.webull.com', port=443): Failed to resolve 'api.webull.com' ([Errno 11001] getaddrinfo failed)"))

During handling of the above exception, another exception occurred:

Traceback (most recent call last):
  File "C:\Program Files\WindowsApps\PythonSoftwareFoundation.Python.3.13_3.13.3824.0_x64__qbz5n2kfra8p0\Lib\logging\handlers.py", line 80, in emit
    self.doRollover()
    ~~~~~~~~~~~~~~~^^
  File "C:\Program Files\WindowsApps\PythonSoftwareFoundation.Python.3.13_3.13.3824.0_x64__qbz5n2kfra8p0\Lib\logging\handlers.py", line 456, in doRollover
    self.rotate(self.baseFilename, dfn)
    ~~~~~~~~~~~^^^^^^^^^^^^^^^^^^^^^^^^
  File "C:\Program Files\WindowsApps\PythonSoftwareFoundation.Python.3.13_3.13.3824.0_x64__qbz5n2kfra8p0\Lib\logging\handlers.py", line 121, in rotate
    os.rename(source, dest)
    ~~~~~~~~~^^^^^^^^^^^^^^
PermissionError: [WinError 32] The process cannot access the file because it is being used by another process: 'C:\\Users\\heela\\OneDrive\\Área de Trabalho\\prediction\\BOT\\webull_data_sdk.log' -> 'C:\\Users\\heela\\OneDrive\\Área de Trabalho\\prediction\\BOT\\webull_data_sdk.log.2026-07-01_19'
Call stack:
  File "C:\Program Files\WindowsApps\PythonSoftwareFoundation.Python.3.13_3.13.3824.0_x64__qbz5n2kfra8p0\Lib\threading.py", line 1015, in _bootstrap
    self._bootstrap_inner()
  File "C:\Program Files\WindowsApps\PythonSoftwareFoundation.Python.3.13_3.13.3824.0_x64__qbz5n2kfra8p0\Lib\threading.py", line 1044, in _bootstrap_inner
    self.run()
  File "C:\Users\heela\OneDrive\Área de Trabalho\prediction\.venv\Lib\site-packages\anyio\_backends\_asyncio.py", line 1029, in run
    result = context.run(func, *args)
  File "C:\Users\heela\OneDrive\Área de Trabalho\prediction\BOT\bot\api\server.py", line 306, in orb_levels
    b = get_bars(sym, "5m", period="5d")
  File "C:\Users\heela\OneDrive\Área de Trabalho\prediction\BOT\bot\market_data\providers.py", line 273, in get_bars
    df = fn(symbol, tf=tf, period=period) if name == "yahoo" else fn(symbol, tf=tf)
  File "C:\Users\heela\OneDrive\Área de Trabalho\prediction\BOT\bot\market_data\providers.py", line 157, in webull_bars
    res = dc.market_data.get_history_bar(sym, cat, span)
  File "C:\Users\heela\OneDrive\Área de Trabalho\prediction\.venv\Lib\site-packages\webull\data\quotes\market_data.py", line 56, in get_history_bar
    response = self.client.get_response(history_bar_request)
  File "C:\Users\heela\OneDrive\Área de Trabalho\prediction\.venv\Lib\site-packages\webull\core\client.py", line 425, in get_response
    status, headers, body, exception, response = self._implementation_of_do_action(api_request)
  File "C:\Users\heela\OneDrive\Área de Trabalho\prediction\.venv\Lib\site-packages\webull\core\client.py", line 299, in _implementation_of_do_action
    return self._handle_retry_and_timeout(endpoint, request, signer)
  File "C:\Users\heela\OneDrive\Área de Trabalho\prediction\.venv\Lib\site-packages\webull\core\client.py", line 308, in _handle_retry_and_timeout
    self._handle_single_request(endpoint, request, request_read_timeout, request_connect_timeout, signer)
  File "C:\Users\heela\OneDrive\Área de Trabalho\prediction\.venv\Lib\site-packages\webull\core\client.py", line 331, in _handle_single_request
    logger.error(compat.ensure_string(msg))
Message: 'HttpError occurred. Host:api.webull.com SDK-Version:2.0.12 Request:{\n  "_version": "v2",\n  "_action_name": "/openapi/market-data/stock/bars",\n  "_protocol_type": "https",\n  "_accept_format": "JSON",\n  "_params": {\n    "symbol": "SPY",\n    "category": "US_ETF",\n    "timespan": "M5",\n    "count": "200"\n  },\n  "_method": "GET",\n  "_header": {\n    "x-version": "v2",\n    "Accept-Encoding": "gzip",\n    "x-app-key": "0661865629f7d2e7f06a6ab332b12de3",\n    "x-timestamp": "2026-07-02T17:27:23Z",\n    "x-signature-version": "1.0",\n    "x-signature-algorithm": "HMAC-SHA1",\n    "x-signature-nonce": "c78cf77d-a5cd-5057-a670-a4fa7a3a9f02",\n    "x-signature": "E8Zz6Zq0VKvCtnhgarpdSGZAYME=",\n    "User-Agent": "WebullApiSDK (Windows 11;AMD64) Python/3.13.14 Core/2.0.12 python-requests/2.34.2",\n    "x-access-token": "34bd0085401549358574c7e9e9d27ca4",\n    "x-webull-client-source": "sdk"\n  },\n  "_body_params": null,\n  "_uri_pattern": null,\n  "_uri_params": null,\n  "_content": null,\n  "_extra_user_agent": {},\n  "string_to_sign": "",\n  "_request_connect_timeout": null,\n  "_request_read_timeout": null,\n  "endpoint": "api.webull.com",\n  "_signer_spec": "<module \'webull.core.auth.algorithm.sha_hmac1\' from \'C:\\\\\\\\Users\\\\\\\\heela\\\\\\\\OneDrive\\\\\\\\\\u00c1rea de Trabalho\\\\\\\\prediction\\\\\\\\.venv\\\\\\\\Lib\\\\\\\\site-packages\\\\\\\\webull\\\\\\\\core\\\\\\\\auth\\\\\\\\algorithm\\\\\\\\sha_hmac1.py\'>"\n} ClientException:SDK.HttpError HTTPSConnectionPool(host=\'api.webull.com\', port=443): Max retries exceeded with url: /openapi/market-data/stock/bars?symbol=SPY&category=US_ETF&timespan=M5&count=200 (Caused by NameResolutionError("HTTPSConnection(host=\'api.webull.com\', port=443): Failed to resolve \'api.webull.com\' ([Errno 11001] getaddrinfo failed)"))'
Arguments: ()
$SPY: possibly delisted; no price data found  (period=5d)
$SPY: possibly delisted; no price data found  (period=1d)

1 Failed download:
['SPY']: possibly delisted; no price data found  (period=5d)

1 Failed download:
['SPY']: possibly delisted; no price data found  (period=1d)
$SPY: possibly delisted; no price data found  (period=5d)

1 Failed download:
['SPY']: possibly delisted; no price data found  (period=5d)
$QQQ: possibly delisted; no price data found  (period=5d)

1 Failed download:
['QQQ']: possibly delisted; no price data found  (period=5d)
$NQ=F: possibly delisted; no price data found  (period=5d)

1 Failed download:
['NQ=F']: possibly delisted; no price data found  (period=5d)
$GC=F: possibly delisted; no price data found  (period=5d)

1 Failed download:
['GC=F']: possibly delisted; no price data found  (period=5d)
$QQQ: possibly delisted; no price data found  (period=2d)
$^VIX: possibly delisted; no price data found  (period=2d)
$SPY: possibly delisted; no price data found  (period=2d)
$IWM: possibly delisted; no price data found  (period=2d)
$DIA: possibly delisted; no price data found  (period=2d)
$SPY: possibly delisted; no price data found  (period=1d)

5 Failed downloads:
['QQQ', '^VIX', 'SPY', 'IWM', 'DIA']: possibly delisted; no price data found  (period=2d)

1 Failed download:
['SPY']: possibly delisted; no price data found  (period=1d)
$SPY: possibly delisted; no price data found  (period=5d)

1 Failed download:
['SPY']: possibly delisted; no price data found  (period=5d)
$SPY: possibly delisted; no price data found  (period=5d)

1 Failed download:
['SPY']: possibly delisted; no price data found  (period=5d)
$QQQ: possibly delisted; no price data found  (period=5d)

1 Failed download:
['QQQ']: possibly delisted; no price data found  (period=5d)
$NQ=F: possibly delisted; no price data found  (period=5d)

1 Failed download:
['NQ=F']: possibly delisted; no price data found  (period=5d)
$GC=F: possibly delisted; no price data found  (period=5d)

1 Failed download:
['GC=F']: possibly delisted; no price data found  (period=5d)
$QQQ: possibly delisted; no price data found  (period=2d)
$^VIX: possibly delisted; no price data found  (period=2d)
$SPY: possibly delisted; no price data found  (period=2d)
$IWM: possibly delisted; no price data found  (period=2d)
$DIA: possibly delisted; no price data found  (period=2d)
$SPY: possibly delisted; no price data found  (period=1d)

1 Failed download:

5 Failed downloads:
['SPY']: possibly delisted; no price data found  (period=1d)
['QQQ', '^VIX', 'SPY', 'IWM', 'DIA']: possibly delisted; no price data found  (period=2d)
$SPY: possibly delisted; no price data found  (period=5d)

1 Failed download:
['SPY']: possibly delisted; no price data found  (period=5d)
--- Logging error ---
Traceback (most recent call last):
  File "C:\Users\heela\OneDrive\Área de Trabalho\prediction\.venv\Lib\site-packages\urllib3\connection.py", line 204, in _new_conn
    sock = connection.create_connection(
        (self._dns_host, self.port),
    ...<2 lines>...
        socket_options=self.socket_options,
    )
  File "C:\Users\heela\OneDrive\Área de Trabalho\prediction\.venv\Lib\site-packages\urllib3\util\connection.py", line 60, in create_connection
    for res in socket.getaddrinfo(host, port, family, socket.SOCK_STREAM):
               ~~~~~~~~~~~~~~~~~~^^^^^^^^^^^^^^^^^^^^^^^^^^^^^^^^^^^^^^^^
  File "C:\Program Files\WindowsApps\PythonSoftwareFoundation.Python.3.13_3.13.3824.0_x64__qbz5n2kfra8p0\Lib\socket.py", line 981, in getaddrinfo
    for res in _socket.getaddrinfo(host, port, family, type, proto, flags):
               ~~~~~~~~~~~~~~~~~~~^^^^^^^^^^^^^^^^^^^^^^^^^^^^^^^^^^^^^^^^
socket.gaierror: [Errno 11001] getaddrinfo failed

The above exception was the direct cause of the following exception:

Traceback (most recent call last):
  File "C:\Users\heela\OneDrive\Área de Trabalho\prediction\.venv\Lib\site-packages\urllib3\connectionpool.py", line 788, in urlopen
    response = self._make_request(
        conn,
    ...<10 lines>...
        **response_kw,
    )
  File "C:\Users\heela\OneDrive\Área de Trabalho\prediction\.venv\Lib\site-packages\urllib3\connectionpool.py", line 488, in _make_request
    raise new_e
  File "C:\Users\heela\OneDrive\Área de Trabalho\prediction\.venv\Lib\site-packages\urllib3\connectionpool.py", line 464, in _make_request
    self._validate_conn(conn)
    ~~~~~~~~~~~~~~~~~~~^^^^^^
  File "C:\Users\heela\OneDrive\Área de Trabalho\prediction\.venv\Lib\site-packages\urllib3\connectionpool.py", line 1106, in _validate_conn
    conn.connect()
    ~~~~~~~~~~~~^^
  File "C:\Users\heela\OneDrive\Área de Trabalho\prediction\.venv\Lib\site-packages\urllib3\connection.py", line 759, in connect
    self.sock = sock = self._new_conn()
                       ~~~~~~~~~~~~~~^^
  File "C:\Users\heela\OneDrive\Área de Trabalho\prediction\.venv\Lib\site-packages\urllib3\connection.py", line 211, in _new_conn
    raise NameResolutionError(self.host, self, e) from e
urllib3.exceptions.NameResolutionError: HTTPSConnection(host='api.webull.com', port=443): Failed to resolve 'api.webull.com' ([Errno 11001] getaddrinfo failed)

The above exception was the direct cause of the following exception:

Traceback (most recent call last):
  File "C:\Users\heela\OneDrive\Área de Trabalho\prediction\.venv\Lib\site-packages\requests\adapters.py", line 696, in send
    resp = conn.urlopen(
        method=request.method,
    ...<9 lines>...
        chunked=chunked,
    )
  File "C:\Users\heela\OneDrive\Área de Trabalho\prediction\.venv\Lib\site-packages\urllib3\connectionpool.py", line 842, in urlopen
    retries = retries.increment(
        method, url, error=new_e, _pool=self, _stacktrace=sys.exc_info()[2]
    )
  File "C:\Users\heela\OneDrive\Área de Trabalho\prediction\.venv\Lib\site-packages\urllib3\util\retry.py", line 543, in increment
    raise MaxRetryError(_pool, url, reason) from reason  # type: ignore[arg-type]
    ^^^^^^^^^^^^^^^^^^^^^^^^^^^^^^^^^^^^^^^^^^^^^^^^^^^
urllib3.exceptions.MaxRetryError: HTTPSConnectionPool(host='api.webull.com', port=443): Max retries exceeded with url: /openapi/market-data/stock/bars?symbol=SPY&category=US_ETF&timespan=M5&count=200 (Caused by NameResolutionError("HTTPSConnection(host='api.webull.com', port=443): Failed to resolve 'api.webull.com' ([Errno 11001] getaddrinfo failed)"))

During handling of the above exception, another exception occurred:

Traceback (most recent call last):
  File "C:\Users\heela\OneDrive\Área de Trabalho\prediction\.venv\Lib\site-packages\webull\core\client.py", line 326, in _handle_single_request
    status, headers, body, response = http_response.get_response_object()
                                      ~~~~~~~~~~~~~~~~~~~~~~~~~~~~~~~~~^^
  File "C:\Users\heela\OneDrive\Área de Trabalho\prediction\.venv\Lib\site-packages\webull\core\http\response.py", line 156, in get_response_object
    response = s.send(prepped, proxies=proxies,
                      timeout=(self.__connect_timeout, self.__read_timeout),
                      allow_redirects=False, verify=self.get_verify_value(), cert=None)
  File "C:\Users\heela\OneDrive\Área de Trabalho\prediction\.venv\Lib\site-packages\requests\sessions.py", line 784, in send
    r = adapter.send(request, **kwargs)
  File "C:\Users\heela\OneDrive\Área de Trabalho\prediction\.venv\Lib\site-packages\requests\adapters.py", line 729, in send
    raise ConnectionError(e, request=request)
requests.exceptions.ConnectionError: HTTPSConnectionPool(host='api.webull.com', port=443): Max retries exceeded with url: /openapi/market-data/stock/bars?symbol=SPY&category=US_ETF&timespan=M5&count=200 (Caused by NameResolutionError("HTTPSConnection(host='api.webull.com', port=443): Failed to resolve 'api.webull.com' ([Errno 11001] getaddrinfo failed)"))

During handling of the above exception, another exception occurred:

Traceback (most recent call last):
  File "C:\Program Files\WindowsApps\PythonSoftwareFoundation.Python.3.13_3.13.3824.0_x64__qbz5n2kfra8p0\Lib\logging\handlers.py", line 80, in emit
    self.doRollover()
    ~~~~~~~~~~~~~~~^^
  File "C:\Program Files\WindowsApps\PythonSoftwareFoundation.Python.3.13_3.13.3824.0_x64__qbz5n2kfra8p0\Lib\logging\handlers.py", line 456, in doRollover
    self.rotate(self.baseFilename, dfn)
    ~~~~~~~~~~~^^^^^^^^^^^^^^^^^^^^^^^^
  File "C:\Program Files\WindowsApps\PythonSoftwareFoundation.Python.3.13_3.13.3824.0_x64__qbz5n2kfra8p0\Lib\logging\handlers.py", line 121, in rotate
    os.rename(source, dest)
    ~~~~~~~~~^^^^^^^^^^^^^^
PermissionError: [WinError 32] The process cannot access the file because it is being used by another process: 'C:\\Users\\heela\\OneDrive\\Área de Trabalho\\prediction\\BOT\\webull_data_sdk.log' -> 'C:\\Users\\heela\\OneDrive\\Área de Trabalho\\prediction\\BOT\\webull_data_sdk.log.2026-07-02_13'
Call stack:
  File "C:\Program Files\WindowsApps\PythonSoftwareFoundation.Python.3.13_3.13.3824.0_x64__qbz5n2kfra8p0\Lib\threading.py", line 1015, in _bootstrap
    self._bootstrap_inner()
  File "C:\Program Files\WindowsApps\PythonSoftwareFoundation.Python.3.13_3.13.3824.0_x64__qbz5n2kfra8p0\Lib\threading.py", line 1044, in _bootstrap_inner
    self.run()
  File "C:\Program Files\WindowsApps\PythonSoftwareFoundation.Python.3.13_3.13.3824.0_x64__qbz5n2kfra8p0\Lib\threading.py", line 995, in run
    self._target(*self._args, **self._kwargs)
  File "C:\Users\heela\OneDrive\Área de Trabalho\prediction\BOT\bot\api\server.py", line 161, in _scan_loop
    _latest["signals"] = scan_watchlist(_WATCH, bars_back=4, persist=False)
  File "C:\Users\heela\OneDrive\Área de Trabalho\prediction\BOT\bot\live.py", line 47, in scan_watchlist
    bars = get_bars(sym, "5m", period="5d", provider=provider)
  File "C:\Users\heela\OneDrive\Área de Trabalho\prediction\BOT\bot\market_data\providers.py", line 273, in get_bars
    df = fn(symbol, tf=tf, period=period) if name == "yahoo" else fn(symbol, tf=tf)
  File "C:\Users\heela\OneDrive\Área de Trabalho\prediction\BOT\bot\market_data\providers.py", line 157, in webull_bars
    res = dc.market_data.get_history_bar(sym, cat, span)
  File "C:\Users\heela\OneDrive\Área de Trabalho\prediction\.venv\Lib\site-packages\webull\data\quotes\market_data.py", line 56, in get_history_bar
    response = self.client.get_response(history_bar_request)
  File "C:\Users\heela\OneDrive\Área de Trabalho\prediction\.venv\Lib\site-packages\webull\core\client.py", line 425, in get_response
    status, headers, body, exception, response = self._implementation_of_do_action(api_request)
  File "C:\Users\heela\OneDrive\Área de Trabalho\prediction\.venv\Lib\site-packages\webull\core\client.py", line 299, in _implementation_of_do_action
    return self._handle_retry_and_timeout(endpoint, request, signer)
  File "C:\Users\heela\OneDrive\Área de Trabalho\prediction\.venv\Lib\site-packages\webull\core\client.py", line 308, in _handle_retry_and_timeout
    self._handle_single_request(endpoint, request, request_read_timeout, request_connect_timeout, signer)
  File "C:\Users\heela\OneDrive\Área de Trabalho\prediction\.venv\Lib\site-packages\webull\core\client.py", line 331, in _handle_single_request
    logger.error(compat.ensure_string(msg))
Message: 'HttpError occurred. Host:api.webull.com SDK-Version:2.0.12 Request:{\n  "_version": "v2",\n  "_action_name": "/openapi/market-data/stock/bars",\n  "_protocol_type": "https",\n  "_accept_format": "JSON",\n  "_params": {\n    "symbol": "SPY",\n    "category": "US_ETF",\n    "timespan": "M5",\n    "count": "200"\n  },\n  "_method": "GET",\n  "_header": {\n    "x-version": "v2",\n    "Accept-Encoding": "gzip",\n    "x-app-key": "0661865629f7d2e7f06a6ab332b12de3",\n    "x-timestamp": "2026-07-02T18:58:10Z",\n    "x-signature-version": "1.0",\n    "x-signature-algorithm": "HMAC-SHA1",\n    "x-signature-nonce": "ccc30382-2ab3-5684-b7d5-37d40cf4faf0",\n    "x-signature": "bsfGJl8P3VpwfAxFs8shhn+k5Qk=",\n    "User-Agent": "WebullApiSDK (Windows 11;AMD64) Python/3.13.14 Core/2.0.12 python-requests/2.34.2",\n    "x-access-token": "34bd0085401549358574c7e9e9d27ca4",\n    "x-webull-client-source": "sdk"\n  },\n  "_body_params": null,\n  "_uri_pattern": null,\n  "_uri_params": null,\n  "_content": null,\n  "_extra_user_agent": {},\n  "string_to_sign": "",\n  "_request_connect_timeout": null,\n  "_request_read_timeout": null,\n  "endpoint": "api.webull.com",\n  "_signer_spec": "<module \'webull.core.auth.algorithm.sha_hmac1\' from \'C:\\\\\\\\Users\\\\\\\\heela\\\\\\\\OneDrive\\\\\\\\\\u00c1rea de Trabalho\\\\\\\\prediction\\\\\\\\.venv\\\\\\\\Lib\\\\\\\\site-packages\\\\\\\\webull\\\\\\\\core\\\\\\\\auth\\\\\\\\algorithm\\\\\\\\sha_hmac1.py\'>"\n} ClientException:SDK.HttpError HTTPSConnectionPool(host=\'api.webull.com\', port=443): Max retries exceeded with url: /openapi/market-data/stock/bars?symbol=SPY&category=US_ETF&timespan=M5&count=200 (Caused by NameResolutionError("HTTPSConnection(host=\'api.webull.com\', port=443): Failed to resolve \'api.webull.com\' ([Errno 11001] getaddrinfo failed)"))'
Arguments: ()
